................................................                         [100%]
================================ tests coverage ================================
_______________ coverage: platform linux, python 3.13.5-final-0 ________________

Name                               Stmts   Miss Branch BrPart  Cover   Missing
------------------------------------------------------------------------------
src/yue2_music_os/__init__.py          1      0      0      0   100%
src/yue2_music_os/__main__.py         81     18     16      4    73%   29-35, 64-87, 129, 133, 137
src/yue2_music_os/abc_tools.py       225     31     64     11    84%   113, 154-155, 173-177, 199-200, 203-210, 270-279, 291, 362, 366, 368-373, 394
src/yue2_music_os/api.py             117     12      8      1    90%   92, 96, 114, 122, 126, 130-131, 142, 160, 164, 168, 188
src/yue2_music_os/config.py          166     29     78     25    77%   45, 47, 51, 59, 63, 68, 78, 84, 89, 93, 152-153, 157, 162, 164, 170, 175, 194, 228, 231, 303, 310, 312, 325, 330, 337-339, 341
src/yue2_music_os/engines.py         249     42     64     26    78%   67, 84, 90, 123-124, 127-132, 150-151, 211, 214->216, 231->234, 267->269, 325, 333, 348, 382, 384, 386, 398, 401-402, 405, 410-413, 415-416, 418, 420, 422, 476, 478, 487, 490-491, 493, 496-497, 512
src/yue2_music_os/models.py          117      6     16      4    91%   38, 96-98, 107, 108->104, 111
src/yue2_music_os/production.py      332     72     94     35    74%   38, 41-42, 48, 52, 59-60, 70-71, 73, 87, 107, 114, 127-129, 138-145, 152-153, 157-159, 176-178, 185-188, 193-199, 207-209, 211-213, 218-221, 231-232, 236, 334-335, 342, 349, 373, 383, 385, 402->408, 405, 410, 413, 425->429, 494, 503->506, 598, 610-611, 622-623, 628, 633, 640, 647
src/yue2_music_os/sample_data.py       4      0      0      0   100%
src/yue2_music_os/service.py         201     16     30     10    88%   64, 105-108, 116, 145, 316->318, 323, 325, 327, 339, 341-342, 354, 391-392
src/yue2_music_os/storage.py         251     33     62     15    83%   53, 168, 171, 193, 199-203, 245, 268, 272, 362, 366-377, 395, 398-399, 405-410, 441-442, 497, 506, 509, 511, 532
------------------------------------------------------------------------------
TOTAL                               1744    259    432    131    81%
Coverage JSON written to file validation/coverage.json
Required test coverage of 75% reached. Total coverage: 81.07%
48 passed in 9.47s
