{"meta": {"format": 3, "version": "7.16.1", "timestamp": "2026-09-15T19:32:18.275855", "branch_coverage": true, "show_contexts": false}, "files": {"src/yue2_music_os/__init__.py": {"executed_lines": [3], "summary": {"covered_lines": 1, "num_statements": 1, "percent_covered": 100.0, "percent_covered_display": "100", "missing_lines": 0, "excluded_lines": 0, "percent_statements_covered": 100.0, "percent_statements_covered_display": "100", "num_branches": 0, "num_partial_branches": 0, "covered_branches": 0, "missing_branches": 0, "percent_branches_covered": 100.0, "percent_branches_covered_display": "100"}, "missing_lines": [], "excluded_lines": [], "executed_branches": [], "missing_branches": [], "functions": {"": {"executed_lines": [3], "summary": {"covered_lines": 1, "num_statements": 1, "percent_covered": 100.0, "percent_covered_display": "100", "missing_lines": 0, "excluded_lines": 0, "percent_statements_covered": 100.0, "percent_statements_covered_display": "100", "num_branches": 0, "num_partial_branches": 0, "covered_branches": 0, "missing_branches": 0, "percent_branches_covered": 100.0, "percent_branches_covered_display": "100"}, "missing_lines": [], "excluded_lines": [], "start_line": 1, "executed_branches": [], "missing_branches": []}}, "classes": {"": {"executed_lines": [3], "summary": {"covered_lines": 1, "num_statements": 1, "percent_covered": 100.0, "percent_covered_display": "100", "missing_lines": 0, "excluded_lines": 0, "percent_statements_covered": 100.0, "percent_statements_covered_display": "100", "num_branches": 0, "num_partial_branches": 0, "covered_branches": 0, "missing_branches": 0, "percent_branches_covered": 100.0, "percent_branches_covered_display": "100"}, "missing_lines": [], "excluded_lines": [], "start_line": 1, "executed_branches": [], "missing_branches": []}}}, "src/yue2_music_os/__main__.py": {"executed_lines": [1, 3, 4, 5, 6, 7, 9, 11, 12, 13, 14, 15, 16, 19, 20, 23, 24, 25, 38, 39, 40, 41, 42, 43, 44, 46, 49, 50, 51, 52, 59, 63, 88, 89, 92, 93, 97, 99, 100, 101, 102, 103, 109, 111, 112, 113, 114, 115, 118, 119, 120, 121, 122, 123, 124, 125, 126, 127, 128, 130, 131, 132, 136], "summary": {"covered_lines": 63, "num_statements": 81, "percent_covered": 73.19587628865979, "percent_covered_display": "73", "missing_lines": 18, "excluded_lines": 0, "percent_statements_covered": 77.77777777777777, "percent_statements_covered_display": "78", "num_branches": 16, "num_partial_branches": 4, "covered_branches": 8, "missing_branches": 8, "percent_branches_covered": 50.0, "percent_branches_covered_display": "50"}, "missing_lines": [29, 35, 64, 65, 66, 77, 78, 79, 80, 81, 82, 83, 84, 85, 87, 129, 133, 137], "excluded_lines": [], "executed_branches": [[24, 25], [63, 88], [123, 124], [123, 125], [125, 126], [125, 127], [127, 128], [136, -1]], "missing_branches": [[24, 29], [63, 64], [80, 81], [80, 83], [83, 84], [83, 85], [127, 129], [136, 137]], "functions": {"_is_loopback": {"executed_lines": [20], "summary": {"covered_lines": 1, "num_statements": 1, "percent_covered": 100.0, "percent_covered_display": "100", "missing_lines": 0, "excluded_lines": 0, "percent_statements_covered": 100.0, "percent_statements_covered_display": "100", "num_branches": 0, "num_partial_branches": 0, "covered_branches": 0, "missing_branches": 0, "percent_branches_covered": 100.0, "percent_branches_covered_display": "100"}, "missing_lines": [], "excluded_lines": [], "start_line": 19, "executed_branches": [], "missing_branches": []}, "command_serve": {"executed_lines": [24, 25], "summary": {"covered_lines": 2, "num_statements": 4, "percent_covered": 50.0, "percent_covered_display": "50", "missing_lines": 2, "excluded_lines": 0, "percent_statements_covered": 50.0, "percent_statements_covered_display": "50", "num_branches": 2, "num_partial_branches": 1, "covered_branches": 1, "missing_branches": 1, "percent_branches_covered": 50.0, "percent_branches_covered_display": "50"}, "missing_lines": [29, 35], "excluded_lines": [], "start_line": 23, "executed_branches": [[24, 25]], "missing_branches": [[24, 29]]}, "command_doctor": {"executed_lines": [39, 40, 41, 42, 43, 44, 46], "summary": {"covered_lines": 7, "num_statements": 7, "percent_covered": 100.0, "percent_covered_display": "100", "missing_lines": 0, "excluded_lines": 0, "percent_statements_covered": 100.0, "percent_statements_covered_display": "100", "num_branches": 0, "num_partial_branches": 0, "covered_branches": 0, "missing_branches": 0, "percent_branches_covered": 100.0, "percent_branches_covered_display": "100"}, "missing_lines": [], "excluded_lines": [], "start_line": 38, "executed_branches": [], "missing_branches": []}, "command_init_demo": {"executed_lines": [50, 51, 52, 59, 63, 88, 89], "summary": {"covered_lines": 7, "num_statements": 20, "percent_covered": 30.76923076923077, "percent_covered_display": "31", "missing_lines": 13, "excluded_lines": 0, "percent_statements_covered": 35.0, "percent_statements_covered_display": "35", "num_branches": 6, "num_partial_branches": 1, "covered_branches": 1, "missing_branches": 5, "percent_branches_covered": 16.666666666666668, "percent_branches_covered_display": "17"}, "missing_lines": [64, 65, 66, 77, 78, 79, 80, 81, 82, 83, 84, 85, 87], "excluded_lines": [], "start_line": 49, "executed_branches": [[63, 88]], "missing_branches": [[63, 64], [80, 81], [80, 83], [83, 84], [83, 85]]}, "build_parser": {"executed_lines": [93, 97, 99, 100, 101, 102, 103, 109, 111, 112, 113, 114, 115], "summary": {"covered_lines": 13, "num_statements": 13, "percent_covered": 100.0, "percent_covered_display": "100", "missing_lines": 0, "excluded_lines": 0, "percent_statements_covered": 100.0, "percent_statements_covered_display": "100", "num_branches": 0, "num_partial_branches": 0, "covered_branches": 0, "missing_branches": 0, "percent_branches_covered": 100.0, "percent_branches_covered_display": "100"}, "missing_lines": [], "excluded_lines": [], "start_line": 92, "executed_branches": [], "missing_branches": []}, "main": {"executed_lines": [119, 120, 121, 122, 123, 124, 125, 126, 127, 128, 130, 131, 132], "summary": {"covered_lines": 13, "num_statements": 15, "percent_covered": 85.71428571428571, "percent_covered_display": "86", "missing_lines": 2, "excluded_lines": 0, "percent_statements_covered": 86.66666666666667, "percent_statements_covered_display": "87", "num_branches": 6, "num_partial_branches": 1, "covered_branches": 5, "missing_branches": 1, "percent_branches_covered": 83.33333333333333, "percent_branches_covered_display": "83"}, "missing_lines": [129, 133], "excluded_lines": [], "start_line": 118, "executed_branches": [[123, 124], [123, 125], [125, 126], [125, 127], [127, 128]], "missing_branches": [[127, 129]]}, "": {"executed_lines": [1, 3, 4, 5, 6, 7, 9, 11, 12, 13, 14, 15, 16, 19, 23, 38, 49, 92, 118, 136], "summary": {"covered_lines": 20, "num_statements": 21, "percent_covered": 91.30434782608695, "percent_covered_display": "91", "missing_lines": 1, "excluded_lines": 0, "percent_statements_covered": 95.23809523809524, "percent_statements_covered_display": "95", "num_branches": 2, "num_partial_branches": 1, "covered_branches": 1, "missing_branches": 1, "percent_branches_covered": 50.0, "percent_branches_covered_display": "50"}, "missing_lines": [137], "excluded_lines": [], "start_line": 1, "executed_branches": [[136, -1]], "missing_branches": [[136, 137]]}}, "classes": {"": {"executed_lines": [1, 3, 4, 5, 6, 7, 9, 11, 12, 13, 14, 15, 16, 19, 20, 23, 24, 25, 38, 39, 40, 41, 42, 43, 44, 46, 49, 50, 51, 52, 59, 63, 88, 89, 92, 93, 97, 99, 100, 101, 102, 103, 109, 111, 112, 113, 114, 115, 118, 119, 120, 121, 122, 123, 124, 125, 126, 127, 128, 130, 131, 132, 136], "summary": {"covered_lines": 63, "num_statements": 81, "percent_covered": 73.19587628865979, "percent_covered_display": "73", "missing_lines": 18, "excluded_lines": 0, "percent_statements_covered": 77.77777777777777, "percent_statements_covered_display": "78", "num_branches": 16, "num_partial_branches": 4, "covered_branches": 8, "missing_branches": 8, "percent_branches_covered": 50.0, "percent_branches_covered_display": "50"}, "missing_lines": [29, 35, 64, 65, 66, 77, 78, 79, 80, 81, 82, 83, 84, 85, 87, 129, 133, 137], "excluded_lines": [], "start_line": 1, "executed_branches": [[24, 25], [63, 88], [123, 124], [123, 125], [125, 126], [125, 127], [127, 128], [136, -1]], "missing_branches": [[24, 29], [63, 64], [80, 81], [80, 83], [83, 84], [83, 85], [127, 129], [136, 137]]}}}, "src/yue2_music_os/abc_tools.py": {"executed_lines": [9, 11, 12, 13, 14, 17, 18, 19, 36, 37, 45, 50, 51, 99, 103, 104, 105, 108, 109, 110, 111, 112, 114, 117, 118, 119, 120, 121, 122, 123, 126, 127, 128, 129, 130, 131, 132, 133, 134, 135, 138, 139, 140, 141, 142, 143, 144, 147, 148, 149, 150, 151, 152, 153, 157, 158, 159, 160, 161, 162, 163, 164, 165, 166, 167, 168, 169, 170, 171, 172, 178, 179, 180, 184, 185, 186, 187, 188, 192, 194, 195, 196, 197, 198, 201, 202, 212, 213, 214, 215, 216, 217, 218, 221, 223, 224, 225, 226, 227, 228, 229, 230, 231, 232, 236, 237, 238, 239, 240, 244, 245, 246, 247, 248, 251, 252, 253, 254, 255, 256, 257, 258, 259, 260, 261, 262, 266, 267, 268, 269, 280, 281, 282, 283, 284, 285, 286, 287, 288, 289, 290, 293, 294, 298, 299, 300, 301, 302, 303, 304, 305, 306, 310, 313, 314, 315, 316, 317, 318, 319, 320, 323, 324, 354, 360, 361, 363, 364, 365, 367, 376, 377, 378, 392, 393, 395, 396, 397, 399, 400, 401, 402, 407, 408, 410, 411, 412, 413, 414, 415, 419, 423, 424, 432], "summary": {"covered_lines": 194, "num_statements": 225, "percent_covered": 84.08304498269896, "percent_covered_display": "84", "missing_lines": 31, "excluded_lines": 0, "percent_statements_covered": 86.22222222222223, "percent_statements_covered_display": "86", "num_branches": 64, "num_partial_branches": 11, "covered_branches": 49, "missing_branches": 15, "percent_branches_covered": 76.5625, "percent_branches_covered_display": "77"}, "missing_lines": [113, 154, 155, 173, 174, 175, 176, 177, 199, 200, 203, 204, 205, 206, 210, 270, 271, 272, 273, 274, 276, 277, 278, 279, 291, 362, 366, 368, 369, 373, 394], "excluded_lines": [], "executed_branches": [[104, -103], [104, 105], [112, 114], [153, 157], [158, 159], [158, 216], [159, 160], [159, 162], [168, 169], [168, 172], [172, 178], [187, 188], [187, 194], [198, 201], [202, 212], [254, 255], [254, 302], [255, 256], [255, 257], [260, 261], [260, 301], [269, 280], [286, 287], [286, 294], [290, 293], [299, 260], [299, 300], [302, 303], [302, 304], [314, 315], [314, 316], [316, 317], [316, 318], [318, 319], [318, 320], [361, 363], [363, 364], [363, 376], [365, 367], [367, 363], [393, 395], [397, 399], [397, 411], [400, 401], [400, 402], [402, 407], [402, 408], [423, 424], [423, 432]], "missing_branches": [[112, 113], [153, 154], [172, 173], [198, 199], [202, 203], [204, 205], [204, 206], [269, 270], [273, 274], [273, 276], [290, 291], [361, 362], [365, 366], [367, 368], [393, 394]], "functions": {"fail": {"executed_lines": [104, 105], "summary": {"covered_lines": 2, "num_statements": 2, "percent_covered": 100.0, "percent_covered_display": "100", "missing_lines": 0, "excluded_lines": 0, "percent_statements_covered": 100.0, "percent_statements_covered_display": "100", "num_branches": 2, "num_partial_branches": 0, "covered_branches": 2, "missing_branches": 0, "percent_branches_covered": 100.0, "percent_branches_covered_display": "100"}, "missing_lines": [], "excluded_lines": [], "start_line": 103, "executed_branches": [[104, -103], [104, 105]], "missing_branches": []}, "key_accidentals": {"executed_lines": [109, 110, 111, 112, 114], "summary": {"covered_lines": 5, "num_statements": 6, "percent_covered": 75.0, "percent_covered_display": "75", "missing_lines": 1, "excluded_lines": 0, "percent_statements_covered": 83.33333333333333, "percent_statements_covered_display": "83", "num_branches": 2, "num_partial_branches": 1, "covered_branches": 1, "missing_branches": 1, "percent_branches_covered": 50.0, "percent_branches_covered_display": "50"}, "missing_lines": [113], "excluded_lines": [], "start_line": 108, "executed_branches": [[112, 114]], "missing_branches": [[112, 113]]}, "meter_value": {"executed_lines": [118, 119, 120, 121, 122, 123], "summary": {"covered_lines": 6, "num_statements": 6, "percent_covered": 100.0, "percent_covered_display": "100", "missing_lines": 0, "excluded_lines": 0, "percent_statements_covered": 100.0, "percent_statements_covered_display": "100", "num_branches": 0, "num_partial_branches": 0, "covered_branches": 0, "missing_branches": 0, "percent_branches_covered": 100.0, "percent_branches_covered_display": "100"}, "missing_lines": [], "excluded_lines": [], "start_line": 117, "executed_branches": [], "missing_branches": []}, "parse_bar": {"executed_lines": [148, 149, 150, 151, 152, 153, 157, 158, 159, 160, 161, 162, 163, 164, 165, 166, 167, 168, 169, 170, 171, 172, 178, 179, 180, 184, 185, 186, 187, 188, 192, 194, 195, 196, 197, 198, 201, 202, 212, 213, 214, 215, 216, 217, 218], "summary": {"covered_lines": 45, "num_statements": 59, "percent_covered": 74.02597402597402, "percent_covered_display": "74", "missing_lines": 14, "excluded_lines": 0, "percent_statements_covered": 76.27118644067797, "percent_statements_covered_display": "76", "num_branches": 18, "num_partial_branches": 4, "covered_branches": 12, "missing_branches": 6, "percent_branches_covered": 66.66666666666667, "percent_branches_covered_display": "67"}, "missing_lines": [154, 155, 173, 174, 175, 176, 177, 199, 200, 203, 204, 205, 206, 210], "excluded_lines": [], "start_line": 147, "executed_branches": [[153, 157], [158, 159], [158, 216], [159, 160], [159, 162], [168, 169], [168, 172], [172, 178], [187, 188], [187, 194], [198, 201], [202, 212]], "missing_branches": [[153, 154], [172, 173], [198, 199], [202, 203], [204, 205], [204, 206]]}, "parse": {"executed_lines": [223, 224, 225, 226, 227, 228, 229, 230, 231, 232, 236, 237, 238, 239, 240, 244, 245, 246, 247, 248, 251, 252, 253, 254, 255, 256, 257, 258, 259, 260, 261, 262, 266, 267, 268, 269, 280, 281, 282, 283, 284, 285, 286, 287, 288, 289, 290, 293, 294, 298, 299, 300, 301, 302, 303, 304, 305, 306, 310], "summary": {"covered_lines": 59, "num_statements": 69, "percent_covered": 83.9080459770115, "percent_covered_display": "84", "missing_lines": 10, "excluded_lines": 0, "percent_statements_covered": 85.5072463768116, "percent_statements_covered_display": "86", "num_branches": 18, "num_partial_branches": 2, "covered_branches": 14, "missing_branches": 4, "percent_branches_covered": 77.77777777777777, "percent_branches_covered_display": "78"}, "missing_lines": [270, 271, 272, 273, 274, 276, 277, 278, 279, 291], "excluded_lines": [], "start_line": 221, "executed_branches": [[254, 255], [254, 302], [255, 256], [255, 257], [260, 261], [260, 301], [269, 280], [286, 287], [286, 294], [290, 293], [299, 260], [299, 300], [302, 303], [302, 304]], "missing_branches": [[269, 270], [273, 274], [273, 276], [290, 291]]}, "_serialize": {"executed_lines": [314, 315, 316, 317, 318, 319, 320], "summary": {"covered_lines": 7, "num_statements": 7, "percent_covered": 100.0, "percent_covered_display": "100", "missing_lines": 0, "excluded_lines": 0, "percent_statements_covered": 100.0, "percent_statements_covered_display": "100", "num_branches": 6, "num_partial_branches": 0, "covered_branches": 6, "missing_branches": 0, "percent_branches_covered": 100.0, "percent_branches_covered_display": "100"}, "missing_lines": [], "excluded_lines": [], "start_line": 313, "executed_branches": [[314, 315], [314, 316], [316, 317], [316, 318], [318, 319], [318, 320]], "missing_branches": []}, "report": {"executed_lines": [324], "summary": {"covered_lines": 1, "num_statements": 1, "percent_covered": 100.0, "percent_covered_display": "100", "missing_lines": 0, "excluded_lines": 0, "percent_statements_covered": 100.0, "percent_statements_covered_display": "100", "num_branches": 0, "num_partial_branches": 0, "covered_branches": 0, "missing_branches": 0, "percent_branches_covered": 100.0, "percent_branches_covered_display": "100"}, "missing_lines": [], "excluded_lines": [], "start_line": 323, "executed_branches": [], "missing_branches": []}, "compare": {"executed_lines": [360, 361, 363, 364, 365, 367, 376, 377, 378], "summary": {"covered_lines": 9, "num_statements": 14, "percent_covered": 63.63636363636363, "percent_covered_display": "64", "missing_lines": 5, "excluded_lines": 0, "percent_statements_covered": 64.28571428571429, "percent_statements_covered_display": "64", "num_branches": 8, "num_partial_branches": 3, "covered_branches": 5, "missing_branches": 3, "percent_branches_covered": 62.5, "percent_branches_covered_display": "62"}, "missing_lines": [362, 366, 368, 369, 373], "excluded_lines": [], "start_line": 354, "executed_branches": [[361, 363], [363, 364], [363, 376], [365, 367], [367, 363]], "missing_branches": [[361, 362], [365, 366], [367, 368]]}, "strip_chords": {"executed_lines": [393, 395, 396, 397, 399, 410, 411, 412, 413, 414, 415, 419, 423, 424, 432], "summary": {"covered_lines": 15, "num_statements": 16, "percent_covered": 90.9090909090909, "percent_covered_display": "91", "missing_lines": 1, "excluded_lines": 0, "percent_statements_covered": 93.75, "percent_statements_covered_display": "94", "num_branches": 6, "num_partial_branches": 1, "covered_branches": 5, "missing_branches": 1, "percent_branches_covered": 83.33333333333333, "percent_branches_covered_display": "83"}, "missing_lines": [394], "excluded_lines": [], "start_line": 392, "executed_branches": [[393, 395], [397, 399], [397, 411], [423, 424], [423, 432]], "missing_branches": [[393, 394]]}, "strip_chords.transform": {"executed_lines": [400, 401, 402, 407, 408], "summary": {"covered_lines": 5, "num_statements": 5, "percent_covered": 100.0, "percent_covered_display": "100", "missing_lines": 0, "excluded_lines": 0, "percent_statements_covered": 100.0, "percent_statements_covered_display": "100", "num_branches": 4, "num_partial_branches": 0, "covered_branches": 4, "missing_branches": 0, "percent_branches_covered": 100.0, "percent_branches_covered_display": "100"}, "missing_lines": [], "excluded_lines": [], "start_line": 399, "executed_branches": [[400, 401], [400, 402], [402, 407], [402, 408]], "missing_branches": []}, "": {"executed_lines": [9, 11, 12, 13, 14, 17, 18, 19, 36, 37, 45, 50, 51, 99, 103, 108, 117, 126, 127, 128, 129, 130, 131, 132, 133, 134, 135, 138, 139, 140, 141, 142, 143, 144, 147, 221, 313, 323, 354, 392], "summary": {"covered_lines": 40, "num_statements": 40, "percent_covered": 100.0, "percent_covered_display": "100", "missing_lines": 0, "excluded_lines": 0, "percent_statements_covered": 100.0, "percent_statements_covered_display": "100", "num_branches": 0, "num_partial_branches": 0, "covered_branches": 0, "missing_branches": 0, "percent_branches_covered": 100.0, "percent_branches_covered_display": "100"}, "missing_lines": [], "excluded_lines": [], "start_line": 1, "executed_branches": [], "missing_branches": []}}, "classes": {"AbcError": {"executed_lines": [], "summary": {"covered_lines": 0, "num_statements": 0, "percent_covered": 100.0, "percent_covered_display": "100", "missing_lines": 0, "excluded_lines": 0, "percent_statements_covered": 100.0, "percent_statements_covered_display": "100", "num_branches": 0, "num_partial_branches": 0, "covered_branches": 0, "missing_branches": 0, "percent_branches_covered": 100.0, "percent_branches_covered_display": "100"}, "missing_lines": [], "excluded_lines": [], "start_line": 99, "executed_branches": [], "missing_branches": []}, "Voice": {"executed_lines": [], "summary": {"covered_lines": 0, "num_statements": 0, "percent_covered": 100.0, "percent_covered_display": "100", "missing_lines": 0, "excluded_lines": 0, "percent_statements_covered": 100.0, "percent_statements_covered_display": "100", "num_branches": 0, "num_partial_branches": 0, "covered_branches": 0, "missing_branches": 0, "percent_branches_covered": 100.0, "percent_branches_covered_display": "100"}, "missing_lines": [], "excluded_lines": [], "start_line": 127, "executed_branches": [], "missing_branches": []}, "Score": {"executed_lines": [], "summary": {"covered_lines": 0, "num_statements": 0, "percent_covered": 100.0, "percent_covered_display": "100", "missing_lines": 0, "excluded_lines": 0, "percent_statements_covered": 100.0, "percent_statements_covered_display": "100", "num_branches": 0, "num_partial_branches": 0, "covered_branches": 0, "missing_branches": 0, "percent_branches_covered": 100.0, "percent_branches_covered_display": "100"}, "missing_lines": [], "excluded_lines": [], "start_line": 139, "executed_branches": [], "missing_branches": []}, "": {"executed_lines": [9, 11, 12, 13, 14, 17, 18, 19, 36, 37, 45, 50, 51, 99, 103, 104, 105, 108, 109, 110, 111, 112, 114, 117, 118, 119, 120, 121, 122, 123, 126, 127, 128, 129, 130, 131, 132, 133, 134, 135, 138, 139, 140, 141, 142, 143, 144, 147, 148, 149, 150, 151, 152, 153, 157, 158, 159, 160, 161, 162, 163, 164, 165, 166, 167, 168, 169, 170, 171, 172, 178, 179, 180, 184, 185, 186, 187, 188, 192, 194, 195, 196, 197, 198, 201, 202, 212, 213, 214, 215, 216, 217, 218, 221, 223, 224, 225, 226, 227, 228, 229, 230, 231, 232, 236, 237, 238, 239, 240, 244, 245, 246, 247, 248, 251, 252, 253, 254, 255, 256, 257, 258, 259, 260, 261, 262, 266, 267, 268, 269, 280, 281, 282, 283, 284, 285, 286, 287, 288, 289, 290, 293, 294, 298, 299, 300, 301, 302, 303, 304, 305, 306, 310, 313, 314, 315, 316, 317, 318, 319, 320, 323, 324, 354, 360, 361, 363, 364, 365, 367, 376, 377, 378, 392, 393, 395, 396, 397, 399, 400, 401, 402, 407, 408, 410, 411, 412, 413, 414, 415, 419, 423, 424, 432], "summary": {"covered_lines": 194, "num_statements": 225, "percent_covered": 84.08304498269896, "percent_covered_display": "84", "missing_lines": 31, "excluded_lines": 0, "percent_statements_covered": 86.22222222222223, "percent_statements_covered_display": "86", "num_branches": 64, "num_partial_branches": 11, "covered_branches": 49, "missing_branches": 15, "percent_branches_covered": 76.5625, "percent_branches_covered_display": "77"}, "missing_lines": [113, 154, 155, 173, 174, 175, 176, 177, 199, 200, 203, 204, 205, 206, 210, 270, 271, 272, 273, 274, 276, 277, 278, 279, 291, 362, 366, 368, 369, 373, 394], "excluded_lines": [], "start_line": 1, "executed_branches": [[104, -103], [104, 105], [112, 114], [153, 157], [158, 159], [158, 216], [159, 160], [159, 162], [168, 169], [168, 172], [172, 178], [187, 188], [187, 194], [198, 201], [202, 212], [254, 255], [254, 302], [255, 256], [255, 257], [260, 261], [260, 301], [269, 280], [286, 287], [286, 294], [290, 293], [299, 260], [299, 300], [302, 303], [302, 304], [314, 315], [314, 316], [316, 317], [316, 318], [318, 319], [318, 320], [361, 363], [363, 364], [363, 376], [365, 367], [367, 363], [393, 395], [397, 399], [397, 411], [400, 401], [400, 402], [402, 407], [402, 408], [423, 424], [423, 432]], "missing_branches": [[112, 113], [153, 154], [172, 173], [198, 199], [202, 203], [204, 205], [204, 206], [269, 270], [273, 274], [273, 276], [290, 291], [361, 362], [365, 366], [367, 368], [393, 394]]}}}, "src/yue2_music_os/api.py": {"executed_lines": [1, 3, 4, 5, 7, 8, 9, 10, 12, 13, 14, 15, 16, 25, 26, 27, 34, 35, 36, 39, 42, 43, 44, 45, 46, 51, 52, 53, 54, 55, 57, 65, 66, 67, 68, 69, 74, 75, 76, 77, 82, 83, 84, 95, 96, 97, 98, 99, 103, 105, 106, 109, 110, 113, 114, 116, 125, 127, 128, 129, 130, 147, 148, 158, 159, 160, 162, 163, 166, 167, 170, 171, 175, 176, 179, 181, 182, 183, 185, 186, 194, 196, 197, 198, 200, 201, 204, 205, 208, 209, 212, 213, 214, 216, 217, 218, 220, 221, 222, 224, 225, 226, 228, 229, 232, 233, 234, 235, 236, 241, 242, 243, 245, 246, 247, 249, 250, 253, 254, 257, 258, 263, 264, 267, 268, 271, 272, 277, 278, 279, 280, 285, 286, 289, 290, 291, 293, 294, 295, 296, 297, 303, 304, 305, 306, 307, 313, 314, 315], "summary": {"covered_lines": 149, "num_statements": 170, "percent_covered": 87.64044943820225, "percent_covered_display": "88", "missing_lines": 21, "excluded_lines": 0, "percent_statements_covered": 87.6470588235294, "percent_statements_covered_display": "88", "num_branches": 8, "num_partial_branches": 1, "covered_branches": 7, "missing_branches": 1, "percent_branches_covered": 87.5, "percent_branches_covered_display": "88"}, "missing_lines": [107, 111, 149, 150, 156, 164, 168, 172, 173, 184, 202, 206, 210, 230, 251, 255, 261, 265, 269, 275, 287], "excluded_lines": [], "executed_branches": [[77, 82], [77, 95], [83, 84], [83, 95], [116, 125], [116, 127], [183, 185]], "missing_branches": [[183, 184]], "functions": {"create_app": {"executed_lines": [43, 44, 45, 46, 51, 52, 57, 65, 66, 67, 68, 69, 74, 75, 105, 106, 109, 110, 113, 116, 125, 127, 128, 147, 148, 158, 159, 162, 163, 166, 167, 170, 171, 175, 176, 181, 182, 196, 197, 200, 201, 204, 205, 208, 209, 212, 213, 216, 217, 220, 221, 224, 225, 228, 229, 232, 233, 241, 242, 245, 246, 249, 250, 253, 254, 257, 258, 263, 264, 267, 268, 271, 272, 277, 278, 285, 286, 289, 290, 293, 294, 303, 304, 313, 314, 315], "summary": {"covered_lines": 86, "num_statements": 86, "percent_covered": 100.0, "percent_covered_display": "100", "missing_lines": 0, "excluded_lines": 0, "percent_statements_covered": 100.0, "percent_statements_covered_display": "100", "num_branches": 2, "num_partial_branches": 0, "covered_branches": 2, "missing_branches": 0, "percent_branches_covered": 100.0, "percent_branches_covered_display": "100"}, "missing_lines": [], "excluded_lines": [], "start_line": 42, "executed_branches": [[116, 125], [116, 127]], "missing_branches": []}, "create_app.lifespan": {"executed_lines": [53, 54, 55], "summary": {"covered_lines": 3, "num_statements": 3, "percent_covered": 100.0, "percent_covered_display": "100", "missing_lines": 0, "excluded_lines": 0, "percent_statements_covered": 100.0, "percent_statements_covered_display": "100", "num_branches": 0, "num_partial_branches": 0, "covered_branches": 0, "missing_branches": 0, "percent_branches_covered": 100.0, "percent_branches_covered_display": "100"}, "missing_lines": [], "excluded_lines": [], "start_line": 52, "executed_branches": [], "missing_branches": []}, "create_app.security_middleware": {"executed_lines": [76, 77, 82, 83, 84, 95, 96, 97, 98, 99, 103], "summary": {"covered_lines": 11, "num_statements": 11, "percent_covered": 100.0, "percent_covered_display": "100", "missing_lines": 0, "excluded_lines": 0, "percent_statements_covered": 100.0, "percent_statements_covered_display": "100", "num_branches": 4, "num_partial_branches": 0, "covered_branches": 4, "missing_branches": 0, "percent_branches_covered": 100.0, "percent_branches_covered_display": "100"}, "missing_lines": [], "excluded_lines": [], "start_line": 75, "executed_branches": [[77, 82], [77, 95], [83, 84], [83, 95]], "missing_branches": []}, "create_app.not_found_handler": {"executed_lines": [], "summary": {"covered_lines": 0, "num_statements": 1, "percent_covered": 0.0, "percent_covered_display": "0", "missing_lines": 1, "excluded_lines": 0, "percent_statements_covered": 0.0, "percent_statements_covered_display": "0", "num_branches": 0, "num_partial_branches": 0, "covered_branches": 0, "missing_branches": 0, "percent_branches_covered": 100.0, "percent_branches_covered_display": "100"}, "missing_lines": [107], "excluded_lines": [], "start_line": 106, "executed_branches": [], "missing_branches": []}, "create_app.invalid_upload_handler": {"executed_lines": [], "summary": {"covered_lines": 0, "num_statements": 1, "percent_covered": 0.0, "percent_covered_display": "0", "missing_lines": 1, "excluded_lines": 0, "percent_statements_covered": 0.0, "percent_statements_covered_display": "0", "num_branches": 0, "num_partial_branches": 0, "covered_branches": 0, "missing_branches": 0, "percent_branches_covered": 100.0, "percent_branches_covered_display": "100"}, "missing_lines": [111], "excluded_lines": [], "start_line": 110, "executed_branches": [], "missing_branches": []}, "create_app.domain_error_handler": {"executed_lines": [114], "summary": {"covered_lines": 1, "num_statements": 1, "percent_covered": 100.0, "percent_covered_display": "100", "missing_lines": 0, "excluded_lines": 0, "percent_statements_covered": 100.0, "percent_statements_covered_display": "100", "num_branches": 0, "num_partial_branches": 0, "covered_branches": 0, "missing_branches": 0, "percent_branches_covered": 100.0, "percent_branches_covered_display": "100"}, "missing_lines": [], "excluded_lines": [], "start_line": 113, "executed_branches": [], "missing_branches": []}, "create_app.health": {"executed_lines": [129, 130], "summary": {"covered_lines": 2, "num_statements": 2, "percent_covered": 100.0, "percent_covered_display": "100", "missing_lines": 0, "excluded_lines": 0, "percent_statements_covered": 100.0, "percent_statements_covered_display": "100", "num_branches": 0, "num_partial_branches": 0, "covered_branches": 0, "missing_branches": 0, "percent_branches_covered": 100.0, "percent_branches_covered_display": "100"}, "missing_lines": [], "excluded_lines": [], "start_line": 128, "executed_branches": [], "missing_branches": []}, "create_app.policy": {"executed_lines": [], "summary": {"covered_lines": 0, "num_statements": 3, "percent_covered": 0.0, "percent_covered_display": "0", "missing_lines": 3, "excluded_lines": 0, "percent_statements_covered": 0.0, "percent_statements_covered_display": "0", "num_branches": 0, "num_partial_branches": 0, "covered_branches": 0, "missing_branches": 0, "percent_branches_covered": 100.0, "percent_branches_covered_display": "100"}, "missing_lines": [149, 150, 156], "excluded_lines": [], "start_line": 148, "executed_branches": [], "missing_branches": []}, "create_app.create_project": {"executed_lines": [160], "summary": {"covered_lines": 1, "num_statements": 1, "percent_covered": 100.0, "percent_covered_display": "100", "missing_lines": 0, "excluded_lines": 0, "percent_statements_covered": 100.0, "percent_statements_covered_display": "100", "num_branches": 0, "num_partial_branches": 0, "covered_branches": 0, "missing_branches": 0, "percent_branches_covered": 100.0, "percent_branches_covered_display": "100"}, "missing_lines": [], "excluded_lines": [], "start_line": 159, "executed_branches": [], "missing_branches": []}, "create_app.list_projects": {"executed_lines": [], "summary": {"covered_lines": 0, "num_statements": 1, "percent_covered": 0.0, "percent_covered_display": "0", "missing_lines": 1, "excluded_lines": 0, "percent_statements_covered": 0.0, "percent_statements_covered_display": "0", "num_branches": 0, "num_partial_branches": 0, "covered_branches": 0, "missing_branches": 0, "percent_branches_covered": 100.0, "percent_branches_covered_display": "100"}, "missing_lines": [164], "excluded_lines": [], "start_line": 163, "executed_branches": [], "missing_branches": []}, "create_app.get_project": {"executed_lines": [], "summary": {"covered_lines": 0, "num_statements": 1, "percent_covered": 0.0, "percent_covered_display": "0", "missing_lines": 1, "excluded_lines": 0, "percent_statements_covered": 0.0, "percent_statements_covered_display": "0", "num_branches": 0, "num_partial_branches": 0, "covered_branches": 0, "missing_branches": 0, "percent_branches_covered": 100.0, "percent_branches_covered_display": "100"}, "missing_lines": [168], "excluded_lines": [], "start_line": 167, "executed_branches": [], "missing_branches": []}, "create_app.list_jobs": {"executed_lines": [], "summary": {"covered_lines": 0, "num_statements": 2, "percent_covered": 0.0, "percent_covered_display": "0", "missing_lines": 2, "excluded_lines": 0, "percent_statements_covered": 0.0, "percent_statements_covered_display": "0", "num_branches": 0, "num_partial_branches": 0, "covered_branches": 0, "missing_branches": 0, "percent_branches_covered": 100.0, "percent_branches_covered_display": "100"}, "missing_lines": [172, 173], "excluded_lines": [], "start_line": 171, "executed_branches": [], "missing_branches": []}, "create_app.list_artifacts": {"executed_lines": [179], "summary": {"covered_lines": 1, "num_statements": 1, "percent_covered": 100.0, "percent_covered_display": "100", "missing_lines": 0, "excluded_lines": 0, "percent_statements_covered": 100.0, "percent_statements_covered_display": "100", "num_branches": 0, "num_partial_branches": 0, "covered_branches": 0, "missing_branches": 0, "percent_branches_covered": 100.0, "percent_branches_covered_display": "100"}, "missing_lines": [], "excluded_lines": [], "start_line": 176, "executed_branches": [], "missing_branches": []}, "create_app.upload": {"executed_lines": [183, 185, 186, 194], "summary": {"covered_lines": 4, "num_statements": 5, "percent_covered": 71.42857142857143, "percent_covered_display": "71", "missing_lines": 1, "excluded_lines": 0, "percent_statements_covered": 80.0, "percent_statements_covered_display": "80", "num_branches": 2, "num_partial_branches": 1, "covered_branches": 1, "missing_branches": 1, "percent_branches_covered": 50.0, "percent_branches_covered_display": "50"}, "missing_lines": [184], "excluded_lines": [], "start_line": 182, "executed_branches": [[183, 185]], "missing_branches": [[183, 184]]}, "create_app.generate": {"executed_lines": [198], "summary": {"covered_lines": 1, "num_statements": 1, "percent_covered": 100.0, "percent_covered_display": "100", "missing_lines": 0, "excluded_lines": 0, "percent_statements_covered": 100.0, "percent_statements_covered_display": "100", "num_branches": 0, "num_partial_branches": 0, "covered_branches": 0, "missing_branches": 0, "percent_branches_covered": 100.0, "percent_branches_covered_display": "100"}, "missing_lines": [], "excluded_lines": [], "start_line": 197, "executed_branches": [], "missing_branches": []}, "create_app.transcribe": {"executed_lines": [], "summary": {"covered_lines": 0, "num_statements": 1, "percent_covered": 0.0, "percent_covered_display": "0", "missing_lines": 1, "excluded_lines": 0, "percent_statements_covered": 0.0, "percent_statements_covered_display": "0", "num_branches": 0, "num_partial_branches": 0, "covered_branches": 0, "missing_branches": 0, "percent_branches_covered": 100.0, "percent_branches_covered_display": "100"}, "missing_lines": [202], "excluded_lines": [], "start_line": 201, "executed_branches": [], "missing_branches": []}, "create_app.compare_scores": {"executed_lines": [], "summary": {"covered_lines": 0, "num_statements": 1, "percent_covered": 0.0, "percent_covered_display": "0", "missing_lines": 1, "excluded_lines": 0, "percent_statements_covered": 0.0, "percent_statements_covered_display": "0", "num_branches": 0, "num_partial_branches": 0, "covered_branches": 0, "missing_branches": 0, "percent_branches_covered": 100.0, "percent_branches_covered_display": "100"}, "missing_lines": [206], "excluded_lines": [], "start_line": 205, "executed_branches": [], "missing_branches": []}, "create_app.strip_score_chords": {"executed_lines": [], "summary": {"covered_lines": 0, "num_statements": 1, "percent_covered": 0.0, "percent_covered_display": "0", "missing_lines": 1, "excluded_lines": 0, "percent_statements_covered": 0.0, "percent_statements_covered_display": "0", "num_branches": 0, "num_partial_branches": 0, "covered_branches": 0, "missing_branches": 0, "percent_branches_covered": 100.0, "percent_branches_covered_display": "100"}, "missing_lines": [210], "excluded_lines": [], "start_line": 209, "executed_branches": [], "missing_branches": []}, "create_app.render_providers": {"executed_lines": [214], "summary": {"covered_lines": 1, "num_statements": 1, "percent_covered": 100.0, "percent_covered_display": "100", "missing_lines": 0, "excluded_lines": 0, "percent_statements_covered": 100.0, "percent_statements_covered_display": "100", "num_branches": 0, "num_partial_branches": 0, "covered_branches": 0, "missing_branches": 0, "percent_branches_covered": 100.0, "percent_branches_covered_display": "100"}, "missing_lines": [], "excluded_lines": [], "start_line": 213, "executed_branches": [], "missing_branches": []}, "create_app.rank_candidates": {"executed_lines": [218], "summary": {"covered_lines": 1, "num_statements": 1, "percent_covered": 100.0, "percent_covered_display": "100", "missing_lines": 0, "excluded_lines": 0, "percent_statements_covered": 100.0, "percent_statements_covered_display": "100", "num_branches": 0, "num_partial_branches": 0, "covered_branches": 0, "missing_branches": 0, "percent_branches_covered": 100.0, "percent_branches_covered_display": "100"}, "missing_lines": [], "excluded_lines": [], "start_line": 217, "executed_branches": [], "missing_branches": []}, "create_app.production_render": {"executed_lines": [222], "summary": {"covered_lines": 1, "num_statements": 1, "percent_covered": 100.0, "percent_covered_display": "100", "missing_lines": 0, "excluded_lines": 0, "percent_statements_covered": 100.0, "percent_statements_covered_display": "100", "num_branches": 0, "num_partial_branches": 0, "covered_branches": 0, "missing_branches": 0, "percent_branches_covered": 100.0, "percent_branches_covered_display": "100"}, "missing_lines": [], "excluded_lines": [], "start_line": 221, "executed_branches": [], "missing_branches": []}, "create_app.get_job": {"executed_lines": [226], "summary": {"covered_lines": 1, "num_statements": 1, "percent_covered": 100.0, "percent_covered_display": "100", "missing_lines": 0, "excluded_lines": 0, "percent_statements_covered": 100.0, "percent_statements_covered_display": "100", "num_branches": 0, "num_partial_branches": 0, "covered_branches": 0, "missing_branches": 0, "percent_branches_covered": 100.0, "percent_branches_covered_display": "100"}, "missing_lines": [], "excluded_lines": [], "start_line": 225, "executed_branches": [], "missing_branches": []}, "create_app.get_artifact": {"executed_lines": [], "summary": {"covered_lines": 0, "num_statements": 1, "percent_covered": 0.0, "percent_covered_display": "0", "missing_lines": 1, "excluded_lines": 0, "percent_statements_covered": 0.0, "percent_statements_covered_display": "0", "num_branches": 0, "num_partial_branches": 0, "covered_branches": 0, "missing_branches": 0, "percent_branches_covered": 100.0, "percent_branches_covered_display": "100"}, "missing_lines": [230], "excluded_lines": [], "start_line": 229, "executed_branches": [], "missing_branches": []}, "create_app.download_artifact": {"executed_lines": [234, 235, 236], "summary": {"covered_lines": 3, "num_statements": 3, "percent_covered": 100.0, "percent_covered_display": "100", "missing_lines": 0, "excluded_lines": 0, "percent_statements_covered": 100.0, "percent_statements_covered_display": "100", "num_branches": 0, "num_partial_branches": 0, "covered_branches": 0, "missing_branches": 0, "percent_branches_covered": 100.0, "percent_branches_covered_display": "100"}, "missing_lines": [], "excluded_lines": [], "start_line": 233, "executed_branches": [], "missing_branches": []}, "create_app.note_providers": {"executed_lines": [243], "summary": {"covered_lines": 1, "num_statements": 1, "percent_covered": 100.0, "percent_covered_display": "100", "missing_lines": 0, "excluded_lines": 0, "percent_statements_covered": 100.0, "percent_statements_covered_display": "100", "num_branches": 0, "num_partial_branches": 0, "covered_branches": 0, "missing_branches": 0, "percent_branches_covered": 100.0, "percent_branches_covered_display": "100"}, "missing_lines": [], "excluded_lines": [], "start_line": 242, "executed_branches": [], "missing_branches": []}, "create_app.import_note_ir": {"executed_lines": [247], "summary": {"covered_lines": 1, "num_statements": 1, "percent_covered": 100.0, "percent_covered_display": "100", "missing_lines": 0, "excluded_lines": 0, "percent_statements_covered": 100.0, "percent_statements_covered_display": "100", "num_branches": 0, "num_partial_branches": 0, "covered_branches": 0, "missing_branches": 0, "percent_branches_covered": 100.0, "percent_branches_covered_display": "100"}, "missing_lines": [], "excluded_lines": [], "start_line": 246, "executed_branches": [], "missing_branches": []}, "create_app.analyze_notes": {"executed_lines": [], "summary": {"covered_lines": 0, "num_statements": 1, "percent_covered": 0.0, "percent_covered_display": "0", "missing_lines": 1, "excluded_lines": 0, "percent_statements_covered": 0.0, "percent_statements_covered_display": "0", "num_branches": 0, "num_partial_branches": 0, "covered_branches": 0, "missing_branches": 0, "percent_branches_covered": 100.0, "percent_branches_covered_display": "100"}, "missing_lines": [251], "excluded_lines": [], "start_line": 250, "executed_branches": [], "missing_branches": []}, "create_app.get_note_job": {"executed_lines": [], "summary": {"covered_lines": 0, "num_statements": 1, "percent_covered": 0.0, "percent_covered_display": "0", "missing_lines": 1, "excluded_lines": 0, "percent_statements_covered": 0.0, "percent_statements_covered_display": "0", "num_branches": 0, "num_partial_branches": 0, "covered_branches": 0, "missing_branches": 0, "percent_branches_covered": 100.0, "percent_branches_covered_display": "100"}, "missing_lines": [255], "excluded_lines": [], "start_line": 254, "executed_branches": [], "missing_branches": []}, "create_app.list_note_jobs": {"executed_lines": [], "summary": {"covered_lines": 0, "num_statements": 1, "percent_covered": 0.0, "percent_covered_display": "0", "missing_lines": 1, "excluded_lines": 0, "percent_statements_covered": 0.0, "percent_statements_covered_display": "0", "num_branches": 0, "num_partial_branches": 0, "covered_branches": 0, "missing_branches": 0, "percent_branches_covered": 100.0, "percent_branches_covered_display": "100"}, "missing_lines": [261], "excluded_lines": [], "start_line": 258, "executed_branches": [], "missing_branches": []}, "create_app.list_note_irs": {"executed_lines": [], "summary": {"covered_lines": 0, "num_statements": 1, "percent_covered": 0.0, "percent_covered_display": "0", "missing_lines": 1, "excluded_lines": 0, "percent_statements_covered": 0.0, "percent_statements_covered_display": "0", "num_branches": 0, "num_partial_branches": 0, "covered_branches": 0, "missing_branches": 0, "percent_branches_covered": 100.0, "percent_branches_covered_display": "100"}, "missing_lines": [265], "excluded_lines": [], "start_line": 264, "executed_branches": [], "missing_branches": []}, "create_app.get_note_ir": {"executed_lines": [], "summary": {"covered_lines": 0, "num_statements": 1, "percent_covered": 0.0, "percent_covered_display": "0", "missing_lines": 1, "excluded_lines": 0, "percent_statements_covered": 0.0, "percent_statements_covered_display": "0", "num_branches": 0, "num_partial_branches": 0, "covered_branches": 0, "missing_branches": 0, "percent_branches_covered": 100.0, "percent_branches_covered_display": "100"}, "missing_lines": [269], "excluded_lines": [], "start_line": 268, "executed_branches": [], "missing_branches": []}, "create_app.get_note_review_queue": {"executed_lines": [], "summary": {"covered_lines": 0, "num_statements": 1, "percent_covered": 0.0, "percent_covered_display": "0", "missing_lines": 1, "excluded_lines": 0, "percent_statements_covered": 0.0, "percent_statements_covered_display": "0", "num_branches": 0, "num_partial_branches": 0, "covered_branches": 0, "missing_branches": 0, "percent_branches_covered": 100.0, "percent_branches_covered_display": "100"}, "missing_lines": [275], "excluded_lines": [], "start_line": 272, "executed_branches": [], "missing_branches": []}, "create_app.patch_note": {"executed_lines": [279, 280], "summary": {"covered_lines": 2, "num_statements": 2, "percent_covered": 100.0, "percent_covered_display": "100", "missing_lines": 0, "excluded_lines": 0, "percent_statements_covered": 100.0, "percent_statements_covered_display": "100", "num_branches": 0, "num_partial_branches": 0, "covered_branches": 0, "missing_branches": 0, "percent_branches_covered": 100.0, "percent_branches_covered_display": "100"}, "missing_lines": [], "excluded_lines": [], "start_line": 278, "executed_branches": [], "missing_branches": []}, "create_app.restore_note_ir": {"executed_lines": [], "summary": {"covered_lines": 0, "num_statements": 1, "percent_covered": 0.0, "percent_covered_display": "0", "missing_lines": 1, "excluded_lines": 0, "percent_statements_covered": 0.0, "percent_statements_covered_display": "0", "num_branches": 0, "num_partial_branches": 0, "covered_branches": 0, "missing_branches": 0, "percent_branches_covered": 100.0, "percent_branches_covered_display": "100"}, "missing_lines": [287], "excluded_lines": [], "start_line": 286, "executed_branches": [], "missing_branches": []}, "create_app.list_note_revisions": {"executed_lines": [291], "summary": {"covered_lines": 1, "num_statements": 1, "percent_covered": 100.0, "percent_covered_display": "100", "missing_lines": 0, "excluded_lines": 0, "percent_statements_covered": 100.0, "percent_statements_covered_display": "100", "num_branches": 0, "num_partial_branches": 0, "covered_branches": 0, "missing_branches": 0, "percent_branches_covered": 100.0, "percent_branches_covered_display": "100"}, "missing_lines": [], "excluded_lines": [], "start_line": 290, "executed_branches": [], "missing_branches": []}, "create_app.export_note_ir_json": {"executed_lines": [295, 296, 297], "summary": {"covered_lines": 3, "num_statements": 3, "percent_covered": 100.0, "percent_covered_display": "100", "missing_lines": 0, "excluded_lines": 0, "percent_statements_covered": 100.0, "percent_statements_covered_display": "100", "num_branches": 0, "num_partial_branches": 0, "covered_branches": 0, "missing_branches": 0, "percent_branches_covered": 100.0, "percent_branches_covered_display": "100"}, "missing_lines": [], "excluded_lines": [], "start_line": 294, "executed_branches": [], "missing_branches": []}, "create_app.export_note_ir_midi": {"executed_lines": [305, 306, 307], "summary": {"covered_lines": 3, "num_statements": 3, "percent_covered": 100.0, "percent_covered_display": "100", "missing_lines": 0, "excluded_lines": 0, "percent_statements_covered": 100.0, "percent_statements_covered_display": "100", "num_branches": 0, "num_partial_branches": 0, "covered_branches": 0, "missing_branches": 0, "percent_branches_covered": 100.0, "percent_branches_covered_display": "100"}, "missing_lines": [], "excluded_lines": [], "start_line": 304, "executed_branches": [], "missing_branches": []}, "": {"executed_lines": [1, 3, 4, 5, 7, 8, 9, 10, 12, 13, 14, 15, 16, 25, 26, 27, 34, 35, 36, 39, 42], "summary": {"covered_lines": 21, "num_statements": 21, "percent_covered": 100.0, "percent_covered_display": "100", "missing_lines": 0, "excluded_lines": 0, "percent_statements_covered": 100.0, "percent_statements_covered_display": "100", "num_branches": 0, "num_partial_branches": 0, "covered_branches": 0, "missing_branches": 0, "percent_branches_covered": 100.0, "percent_branches_covered_display": "100"}, "missing_lines": [], "excluded_lines": [], "start_line": 1, "executed_branches": [], "missing_branches": []}}, "classes": {"": {"executed_lines": [1, 3, 4, 5, 7, 8, 9, 10, 12, 13, 14, 15, 16, 25, 26, 27, 34, 35, 36, 39, 42, 43, 44, 45, 46, 51, 52, 53, 54, 55, 57, 65, 66, 67, 68, 69, 74, 75, 76, 77, 82, 83, 84, 95, 96, 97, 98, 99, 103, 105, 106, 109, 110, 113, 114, 116, 125, 127, 128, 129, 130, 147, 148, 158, 159, 160, 162, 163, 166, 167, 170, 171, 175, 176, 179, 181, 182, 183, 185, 186, 194, 196, 197, 198, 200, 201, 204, 205, 208, 209, 212, 213, 214, 216, 217, 218, 220, 221, 222, 224, 225, 226, 228, 229, 232, 233, 234, 235, 236, 241, 242, 243, 245, 246, 247, 249, 250, 253, 254, 257, 258, 263, 264, 267, 268, 271, 272, 277, 278, 279, 280, 285, 286, 289, 290, 291, 293, 294, 295, 296, 297, 303, 304, 305, 306, 307, 313, 314, 315], "summary": {"covered_lines": 149, "num_statements": 170, "percent_covered": 87.64044943820225, "percent_covered_display": "88", "missing_lines": 21, "excluded_lines": 0, "percent_statements_covered": 87.6470588235294, "percent_statements_covered_display": "88", "num_branches": 8, "num_partial_branches": 1, "covered_branches": 7, "missing_branches": 1, "percent_branches_covered": 87.5, "percent_branches_covered_display": "88"}, "missing_lines": [107, 111, 149, 150, 156, 164, 168, 172, 173, 184, 202, 206, 210, 230, 251, 255, 261, 265, 269, 275, 287], "excluded_lines": [], "start_line": 1, "executed_branches": [[77, 82], [77, 95], [83, 84], [83, 95], [116, 125], [116, 127], [183, 185]], "missing_branches": [[183, 184]]}}}, "src/yue2_music_os/config.py": {"executed_lines": [1, 3, 4, 5, 6, 7, 8, 11, 12, 13, 14, 15, 16, 19, 23, 24, 25, 26, 27, 28, 29, 30, 33, 34, 35, 36, 37, 38, 39, 40, 41, 43, 44, 46, 50, 54, 62, 66, 67, 71, 72, 73, 76, 77, 81, 82, 83, 87, 88, 92, 97, 98, 99, 110, 112, 146, 147, 148, 149, 150, 151, 156, 160, 161, 163, 165, 166, 167, 173, 174, 178, 191, 192, 193, 195, 198, 199, 200, 201, 202, 203, 204, 205, 206, 207, 208, 209, 210, 211, 212, 213, 214, 215, 216, 217, 218, 219, 220, 224, 225, 226, 227, 229, 230, 234, 235, 243, 246, 249, 298, 299, 301, 302, 304, 305, 306, 307, 308, 309, 311, 313, 314, 317, 321, 324, 326, 327, 328, 329, 331, 333, 334, 335, 336, 340, 343, 344], "summary": {"covered_lines": 137, "num_statements": 166, "percent_covered": 77.04918032786885, "percent_covered_display": "77", "missing_lines": 29, "excluded_lines": 0, "percent_statements_covered": 82.53012048192771, "percent_statements_covered_display": "83", "num_branches": 78, "num_partial_branches": 25, "covered_branches": 51, "missing_branches": 27, "percent_branches_covered": 65.38461538461539, "percent_branches_covered_display": "65"}, "missing_lines": [45, 47, 51, 59, 63, 68, 78, 84, 89, 93, 152, 153, 157, 162, 164, 170, 175, 194, 228, 231, 303, 310, 312, 325, 330, 337, 338, 339, 341], "excluded_lines": [], "executed_branches": [[25, 26], [25, 27], [44, 46], [46, 50], [50, 54], [54, 62], [62, 66], [66, 67], [66, 92], [67, 71], [72, 73], [72, 76], [76, -43], [76, 77], [77, 81], [83, 87], [88, 76], [92, -43], [148, 149], [148, 150], [156, 160], [160, 161], [160, 192], [161, 163], [163, 165], [167, 173], [174, 178], [193, 195], [227, 229], [230, 234], [302, 304], [304, 305], [304, 307], [305, 304], [305, 306], [307, 308], [307, 309], [309, 311], [311, 313], [313, 314], [313, 317], [317, 321], [317, 324], [324, 326], [327, -301], [327, 328], [329, 331], [334, 335], [334, 336], [336, 340], [340, -333]], "missing_branches": [[44, 45], [46, 47], [50, 51], [54, 59], [62, 63], [67, 68], [77, 78], [83, 84], [88, 89], [92, 93], [156, 157], [161, 162], [163, 164], [167, 170], [174, 175], [193, 194], [227, 228], [230, 231], [302, 303], [309, 310], [311, 312], [324, 325], [329, 330], [336, 337], [337, 338], [337, 339], [340, 341]], "functions": {"_env_int": {"executed_lines": [24, 25, 26, 27, 28, 29, 30], "summary": {"covered_lines": 7, "num_statements": 7, "percent_covered": 100.0, "percent_covered_display": "100", "missing_lines": 0, "excluded_lines": 0, "percent_statements_covered": 100.0, "percent_statements_covered_display": "100", "num_branches": 2, "num_partial_branches": 0, "covered_branches": 2, "missing_branches": 0, "percent_branches_covered": 100.0, "percent_branches_covered_display": "100"}, "missing_lines": [], "excluded_lines": [], "start_line": 23, "executed_branches": [[25, 26], [25, 27]], "missing_branches": []}, "RenderProviderConfig.validate": {"executed_lines": [44, 46, 50, 54, 62, 66, 67, 71, 72, 73, 76, 77, 81, 82, 83, 87, 88, 92], "summary": {"covered_lines": 18, "num_statements": 28, "percent_covered": 62.96296296296296, "percent_covered_display": "63", "missing_lines": 10, "excluded_lines": 0, "percent_statements_covered": 64.28571428571429, "percent_statements_covered_display": "64", "num_branches": 26, "num_partial_branches": 10, "covered_branches": 16, "missing_branches": 10, "percent_branches_covered": 61.53846153846154, "percent_branches_covered_display": "62"}, "missing_lines": [45, 47, 51, 59, 63, 68, 78, 84, 89, 93], "excluded_lines": [], "start_line": 43, "executed_branches": [[44, 46], [46, 50], [50, 54], [54, 62], [62, 66], [66, 67], [66, 92], [67, 71], [72, 73], [72, 76], [76, -43], [76, 77], [77, 81], [83, 87], [88, 76], [92, -43]], "missing_branches": [[44, 45], [46, 47], [50, 51], [54, 59], [62, 63], [67, 68], [77, 78], [83, 84], [88, 89], [92, 93]]}, "RenderProviderConfig.public_info": {"executed_lines": [98, 99], "summary": {"covered_lines": 2, "num_statements": 2, "percent_covered": 100.0, "percent_covered_display": "100", "missing_lines": 0, "excluded_lines": 0, "percent_statements_covered": 100.0, "percent_statements_covered_display": "100", "num_branches": 0, "num_partial_branches": 0, "covered_branches": 0, "missing_branches": 0, "percent_branches_covered": 100.0, "percent_branches_covered_display": "100"}, "missing_lines": [], "excluded_lines": [], "start_line": 97, "executed_branches": [], "missing_branches": []}, "default_render_providers": {"executed_lines": [112], "summary": {"covered_lines": 1, "num_statements": 1, "percent_covered": 100.0, "percent_covered_display": "100", "missing_lines": 0, "excluded_lines": 0, "percent_statements_covered": 100.0, "percent_statements_covered_display": "100", "num_branches": 0, "num_partial_branches": 0, "covered_branches": 0, "missing_branches": 0, "percent_branches_covered": 100.0, "percent_branches_covered_display": "100"}, "missing_lines": [], "excluded_lines": [], "start_line": 110, "executed_branches": [], "missing_branches": []}, "_parse_render_providers": {"executed_lines": [147, 148, 149, 150, 151, 156, 160, 161, 163, 165, 166, 167, 173, 174, 178, 191, 192, 193, 195], "summary": {"covered_lines": 19, "num_statements": 27, "percent_covered": 67.44186046511628, "percent_covered_display": "67", "missing_lines": 8, "excluded_lines": 0, "percent_statements_covered": 70.37037037037037, "percent_statements_covered_display": "70", "num_branches": 16, "num_partial_branches": 6, "covered_branches": 10, "missing_branches": 6, "percent_branches_covered": 62.5, "percent_branches_covered_display": "62"}, "missing_lines": [152, 153, 157, 162, 164, 170, 175, 194], "excluded_lines": [], "start_line": 146, "executed_branches": [[148, 149], [148, 150], [156, 160], [160, 161], [160, 192], [161, 163], [163, 165], [167, 173], [174, 178], [193, 195]], "missing_branches": [[156, 157], [161, 162], [163, 164], [167, 170], [174, 175], [193, 194]]}, "Settings.from_env": {"executed_lines": [226, 227, 229, 230, 234, 235, 243, 246, 249, 298, 299], "summary": {"covered_lines": 11, "num_statements": 13, "percent_covered": 76.47058823529412, "percent_covered_display": "76", "missing_lines": 2, "excluded_lines": 0, "percent_statements_covered": 84.61538461538461, "percent_statements_covered_display": "85", "num_branches": 4, "num_partial_branches": 2, "covered_branches": 2, "missing_branches": 2, "percent_branches_covered": 50.0, "percent_branches_covered_display": "50"}, "missing_lines": [228, 231], "excluded_lines": [], "start_line": 225, "executed_branches": [[227, 229], [230, 234]], "missing_branches": [[227, 228], [230, 231]]}, "Settings.validate": {"executed_lines": [302, 304, 305, 306, 307, 308, 309, 311, 313, 314, 317, 321, 324, 326, 327, 328, 329, 331], "summary": {"covered_lines": 18, "num_statements": 23, "percent_covered": 77.77777777777777, "percent_covered_display": "78", "missing_lines": 5, "excluded_lines": 0, "percent_statements_covered": 78.26086956521739, "percent_statements_covered_display": "78", "num_branches": 22, "num_partial_branches": 5, "covered_branches": 17, "missing_branches": 5, "percent_branches_covered": 77.27272727272727, "percent_branches_covered_display": "77"}, "missing_lines": [303, 310, 312, 325, 330], "excluded_lines": [], "start_line": 301, "executed_branches": [[302, 304], [304, 305], [304, 307], [305, 304], [305, 306], [307, 308], [307, 309], [309, 311], [311, 313], [313, 314], [313, 317], [317, 321], [317, 324], [324, 326], [327, -301], [327, 328], [329, 331]], "missing_branches": [[302, 303], [309, 310], [311, 312], [324, 325], [329, 330]]}, "Settings.assert_real_engine_allowed": {"executed_lines": [334, 335, 336, 340], "summary": {"covered_lines": 4, "num_statements": 8, "percent_covered": 50.0, "percent_covered_display": "50", "missing_lines": 4, "excluded_lines": 0, "percent_statements_covered": 50.0, "percent_statements_covered_display": "50", "num_branches": 8, "num_partial_branches": 2, "covered_branches": 4, "missing_branches": 4, "percent_branches_covered": 50.0, "percent_branches_covered_display": "50"}, "missing_lines": [337, 338, 339, 341], "excluded_lines": [], "start_line": 333, "executed_branches": [[334, 335], [334, 336], [336, 340], [340, -333]], "missing_branches": [[336, 337], [337, 338], [337, 339], [340, 341]]}, "Settings.public_policy": {"executed_lines": [344], "summary": {"covered_lines": 1, "num_statements": 1, "percent_covered": 100.0, "percent_covered_display": "100", "missing_lines": 0, "excluded_lines": 0, "percent_statements_covered": 100.0, "percent_statements_covered_display": "100", "num_branches": 0, "num_partial_branches": 0, "covered_branches": 0, "missing_branches": 0, "percent_branches_covered": 100.0, "percent_branches_covered_display": "100"}, "missing_lines": [], "excluded_lines": [], "start_line": 343, "executed_branches": [], "missing_branches": []}, "": {"executed_lines": [1, 3, 4, 5, 6, 7, 8, 11, 12, 13, 14, 15, 16, 19, 23, 33, 34, 35, 36, 37, 38, 39, 40, 41, 43, 97, 110, 146, 198, 199, 200, 201, 202, 203, 204, 205, 206, 207, 208, 209, 210, 211, 212, 213, 214, 215, 216, 217, 218, 219, 220, 224, 225, 301, 333, 343], "summary": {"covered_lines": 56, "num_statements": 56, "percent_covered": 100.0, "percent_covered_display": "100", "missing_lines": 0, "excluded_lines": 0, "percent_statements_covered": 100.0, "percent_statements_covered_display": "100", "num_branches": 0, "num_partial_branches": 0, "covered_branches": 0, "missing_branches": 0, "percent_branches_covered": 100.0, "percent_branches_covered_display": "100"}, "missing_lines": [], "excluded_lines": [], "start_line": 1, "executed_branches": [], "missing_branches": []}}, "classes": {"ConfigurationError": {"executed_lines": [], "summary": {"covered_lines": 0, "num_statements": 0, "percent_covered": 100.0, "percent_covered_display": "100", "missing_lines": 0, "excluded_lines": 0, "percent_statements_covered": 100.0, "percent_statements_covered_display": "100", "num_branches": 0, "num_partial_branches": 0, "covered_branches": 0, "missing_branches": 0, "percent_branches_covered": 100.0, "percent_branches_covered_display": "100"}, "missing_lines": [], "excluded_lines": [], "start_line": 19, "executed_branches": [], "missing_branches": []}, "RenderProviderConfig": {"executed_lines": [44, 46, 50, 54, 62, 66, 67, 71, 72, 73, 76, 77, 81, 82, 83, 87, 88, 92, 98, 99], "summary": {"covered_lines": 20, "num_statements": 30, "percent_covered": 64.28571428571429, "percent_covered_display": "64", "missing_lines": 10, "excluded_lines": 0, "percent_statements_covered": 66.66666666666667, "percent_statements_covered_display": "67", "num_branches": 26, "num_partial_branches": 10, "covered_branches": 16, "missing_branches": 10, "percent_branches_covered": 61.53846153846154, "percent_branches_covered_display": "62"}, "missing_lines": [45, 47, 51, 59, 63, 68, 78, 84, 89, 93], "excluded_lines": [], "start_line": 34, "executed_branches": [[44, 46], [46, 50], [50, 54], [54, 62], [62, 66], [66, 67], [66, 92], [67, 71], [72, 73], [72, 76], [76, -43], [76, 77], [77, 81], [83, 87], [88, 76], [92, -43]], "missing_branches": [[44, 45], [46, 47], [50, 51], [54, 59], [62, 63], [67, 68], [77, 78], [83, 84], [88, 89], [92, 93]]}, "Settings": {"executed_lines": [226, 227, 229, 230, 234, 235, 243, 246, 249, 298, 299, 302, 304, 305, 306, 307, 308, 309, 311, 313, 314, 317, 321, 324, 326, 327, 328, 329, 331, 334, 335, 336, 340, 344], "summary": {"covered_lines": 34, "num_statements": 45, "percent_covered": 72.15189873417721, "percent_covered_display": "72", "missing_lines": 11, "excluded_lines": 0, "percent_statements_covered": 75.55555555555556, "percent_statements_covered_display": "76", "num_branches": 34, "num_partial_branches": 9, "covered_branches": 23, "missing_branches": 11, "percent_branches_covered": 67.6470588235294, "percent_branches_covered_display": "68"}, "missing_lines": [228, 231, 303, 310, 312, 325, 330, 337, 338, 339, 341], "excluded_lines": [], "start_line": 199, "executed_branches": [[227, 229], [230, 234], [302, 304], [304, 305], [304, 307], [305, 304], [305, 306], [307, 308], [307, 309], [309, 311], [311, 313], [313, 314], [313, 317], [317, 321], [317, 324], [324, 326], [327, -301], [327, 328], [329, 331], [334, 335], [334, 336], [336, 340], [340, -333]], "missing_branches": [[227, 228], [230, 231], [302, 303], [309, 310], [311, 312], [324, 325], [329, 330], [336, 337], [337, 338], [337, 339], [340, 341]]}, "": {"executed_lines": [1, 3, 4, 5, 6, 7, 8, 11, 12, 13, 14, 15, 16, 19, 23, 24, 25, 26, 27, 28, 29, 30, 33, 34, 35, 36, 37, 38, 39, 40, 41, 43, 97, 110, 112, 146, 147, 148, 149, 150, 151, 156, 160, 161, 163, 165, 166, 167, 173, 174, 178, 191, 192, 193, 195, 198, 199, 200, 201, 202, 203, 204, 205, 206, 207, 208, 209, 210, 211, 212, 213, 214, 215, 216, 217, 218, 219, 220, 224, 225, 301, 333, 343], "summary": {"covered_lines": 83, "num_statements": 91, "percent_covered": 87.1559633027523, "percent_covered_display": "87", "missing_lines": 8, "excluded_lines": 0, "percent_statements_covered": 91.20879120879121, "percent_statements_covered_display": "91", "num_branches": 18, "num_partial_branches": 6, "covered_branches": 12, "missing_branches": 6, "percent_branches_covered": 66.66666666666667, "percent_branches_covered_display": "67"}, "missing_lines": [152, 153, 157, 162, 164, 170, 175, 194], "excluded_lines": [], "start_line": 1, "executed_branches": [[25, 26], [25, 27], [148, 149], [148, 150], [156, 160], [160, 161], [160, 192], [161, 163], [163, 165], [167, 173], [174, 178], [193, 195]], "missing_branches": [[156, 157], [161, 162], [163, 164], [167, 170], [174, 175], [193, 194]]}}}, "src/yue2_music_os/engines.py": {"executed_lines": [1, 3, 4, 5, 6, 7, 8, 9, 10, 11, 12, 13, 15, 16, 17, 20, 21, 24, 25, 26, 27, 28, 29, 30, 33, 57, 58, 64, 66, 68, 69, 70, 71, 72, 75, 83, 85, 86, 87, 88, 89, 91, 92, 93, 101, 102, 103, 104, 105, 106, 108, 117, 118, 119, 120, 121, 122, 125, 126, 133, 134, 135, 136, 137, 147, 148, 149, 154, 157, 158, 159, 160, 161, 162, 163, 164, 165, 166, 167, 168, 169, 180, 181, 184, 187, 188, 190, 191, 198, 209, 210, 212, 213, 214, 215, 216, 217, 218, 219, 220, 221, 222, 223, 230, 231, 232, 233, 234, 235, 243, 244, 245, 254, 255, 257, 264, 265, 266, 267, 268, 269, 270, 278, 279, 280, 283, 286, 287, 289, 290, 291, 293, 294, 301, 302, 305, 319, 320, 321, 322, 323, 324, 327, 328, 329, 330, 331, 332, 335, 346, 347, 349, 350, 351, 352, 353, 354, 355, 365, 366, 381, 383, 385, 387, 394, 395, 396, 397, 399, 400, 403, 404, 406, 407, 408, 409, 414, 417, 419, 421, 423, 424, 425, 437, 447, 448, 450, 457, 458, 459, 464, 475, 477, 479, 485, 486, 488, 489, 492, 494, 495, 498, 505, 506, 509, 510, 511], "summary": {"covered_lines": 207, "num_statements": 249, "percent_covered": 78.27476038338658, "percent_covered_display": "78", "missing_lines": 42, "excluded_lines": 23, "percent_statements_covered": 83.13253012048193, "percent_statements_covered_display": "83", "num_branches": 64, "num_partial_branches": 26, "covered_branches": 38, "missing_branches": 26, "percent_branches_covered": 59.375, "percent_branches_covered_display": "59"}, "missing_lines": [67, 84, 90, 123, 124, 127, 128, 129, 130, 131, 132, 150, 151, 211, 325, 333, 348, 382, 384, 386, 398, 401, 402, 405, 410, 411, 412, 413, 415, 416, 418, 420, 422, 476, 478, 487, 490, 491, 493, 496, 497, 512], "excluded_lines": [34, 35, 36, 37, 38, 39, 40, 41, 42, 43, 44, 45, 46, 47, 48, 49, 50, 51, 52, 53, 54, 55, 56], "executed_branches": [[66, 68], [83, 85], [89, 91], [147, 148], [147, 149], [149, 154], [166, -157], [166, 167], [210, 212], [212, 213], [212, 216], [214, 215], [219, 220], [219, 245], [231, 232], [267, 268], [324, -319], [332, -327], [347, 349], [352, 353], [352, 437], [381, 383], [383, 385], [385, 387], [397, 399], [404, 406], [409, 414], [414, 417], [417, 419], [419, 421], [421, 423], [423, 424], [423, 425], [475, 477], [477, 479], [486, 488], [492, 494], [510, 511]], "missing_branches": [[66, 67], [83, 84], [89, 90], [149, 150], [210, 211], [214, 216], [231, 234], [267, 269], [324, 325], [332, 333], [347, 348], [381, 382], [383, 384], [385, 386], [397, 398], [404, 405], [409, 410], [414, 415], [417, 418], [419, 420], [421, 422], [475, 476], [477, 478], [486, 487], [492, 493], [510, 512]], "functions": {"MusicEngine.generate": {"executed_lines": [], "summary": {"covered_lines": 0, "num_statements": 0, "percent_covered": 100.0, "percent_covered_display": "100", "missing_lines": 0, "excluded_lines": 1, "percent_statements_covered": 100.0, "percent_statements_covered_display": "100", "num_branches": 0, "num_partial_branches": 0, "covered_branches": 0, "missing_branches": 0, "percent_branches_covered": 100.0, "percent_branches_covered_display": "100"}, "missing_lines": [], "excluded_lines": [44], "start_line": 34, "executed_branches": [], "missing_branches": []}, "MusicEngine.transcribe": {"executed_lines": [], "summary": {"covered_lines": 0, "num_statements": 0, "percent_covered": 100.0, "percent_covered_display": "100", "missing_lines": 0, "excluded_lines": 1, "percent_statements_covered": 100.0, "percent_statements_covered_display": "100", "num_branches": 0, "num_partial_branches": 0, "covered_branches": 0, "missing_branches": 0, "percent_branches_covered": 100.0, "percent_branches_covered_display": "100"}, "missing_lines": [], "excluded_lines": [52], "start_line": 46, "executed_branches": [], "missing_branches": []}, "MusicEngine.doctor": {"executed_lines": [], "summary": {"covered_lines": 0, "num_statements": 0, "percent_covered": 100.0, "percent_covered_display": "100", "missing_lines": 0, "excluded_lines": 1, "percent_statements_covered": 100.0, "percent_statements_covered_display": "100", "num_branches": 0, "num_partial_branches": 0, "covered_branches": 0, "missing_branches": 0, "percent_branches_covered": 100.0, "percent_branches_covered_display": "100"}, "missing_lines": [], "excluded_lines": [54], "start_line": 54, "executed_branches": [], "missing_branches": []}, "_write_json": {"executed_lines": [58], "summary": {"covered_lines": 1, "num_statements": 1, "percent_covered": 100.0, "percent_covered_display": "100", "missing_lines": 0, "excluded_lines": 0, "percent_statements_covered": 100.0, "percent_statements_covered_display": "100", "num_branches": 0, "num_partial_branches": 0, "covered_branches": 0, "missing_branches": 0, "percent_branches_covered": 100.0, "percent_branches_covered_display": "100"}, "missing_lines": [], "excluded_lines": [], "start_line": 57, "executed_branches": [], "missing_branches": []}, "_read_log_tail": {"executed_lines": [66, 68, 69, 70, 71, 72], "summary": {"covered_lines": 6, "num_statements": 7, "percent_covered": 77.77777777777777, "percent_covered_display": "78", "missing_lines": 1, "excluded_lines": 0, "percent_statements_covered": 85.71428571428571, "percent_statements_covered_display": "86", "num_branches": 2, "num_partial_branches": 1, "covered_branches": 1, "missing_branches": 1, "percent_branches_covered": 50.0, "percent_branches_covered_display": "50"}, "missing_lines": [67], "excluded_lines": [], "start_line": 64, "executed_branches": [[66, 68]], "missing_branches": [[66, 67]]}, "run_command": {"executed_lines": [83, 85, 86, 87, 88, 89, 91, 92, 93, 101, 102, 103, 104, 105, 106, 108, 117, 118, 119, 120, 121, 122, 125, 126, 133, 134, 135, 136, 137, 147, 148, 149, 154], "summary": {"covered_lines": 33, "num_statements": 45, "percent_covered": 71.69811320754717, "percent_covered_display": "72", "missing_lines": 12, "excluded_lines": 0, "percent_statements_covered": 73.33333333333333, "percent_statements_covered_display": "73", "num_branches": 8, "num_partial_branches": 3, "covered_branches": 5, "missing_branches": 3, "percent_branches_covered": 62.5, "percent_branches_covered_display": "62"}, "missing_lines": [84, 90, 123, 124, 127, 128, 129, 130, 131, 132, 150, 151], "excluded_lines": [], "start_line": 75, "executed_branches": [[83, 85], [89, 91], [147, 148], [147, 149], [149, 154]], "missing_branches": [[83, 84], [89, 90], [149, 150]]}, "_write_demo_wave": {"executed_lines": [158, 159, 160, 161, 162, 163, 164, 165, 166, 167, 168, 169, 180, 181], "summary": {"covered_lines": 14, "num_statements": 14, "percent_covered": 100.0, "percent_covered_display": "100", "missing_lines": 0, "excluded_lines": 0, "percent_statements_covered": 100.0, "percent_statements_covered_display": "100", "num_branches": 2, "num_partial_branches": 0, "covered_branches": 2, "missing_branches": 0, "percent_branches_covered": 100.0, "percent_branches_covered_display": "100"}, "missing_lines": [], "excluded_lines": [], "start_line": 157, "executed_branches": [[166, -157], [166, 167]], "missing_branches": []}, "MockEngine.__init__": {"executed_lines": [188], "summary": {"covered_lines": 1, "num_statements": 1, "percent_covered": 100.0, "percent_covered_display": "100", "missing_lines": 0, "excluded_lines": 0, "percent_statements_covered": 100.0, "percent_statements_covered_display": "100", "num_branches": 0, "num_partial_branches": 0, "covered_branches": 0, "missing_branches": 0, "percent_branches_covered": 100.0, "percent_branches_covered_display": "100"}, "missing_lines": [], "excluded_lines": [], "start_line": 187, "executed_branches": [], "missing_branches": []}, "MockEngine.doctor": {"executed_lines": [191], "summary": {"covered_lines": 1, "num_statements": 1, "percent_covered": 100.0, "percent_covered_display": "100", "missing_lines": 0, "excluded_lines": 0, "percent_statements_covered": 100.0, "percent_statements_covered_display": "100", "num_branches": 0, "num_partial_branches": 0, "covered_branches": 0, "missing_branches": 0, "percent_branches_covered": 100.0, "percent_branches_covered_display": "100"}, "missing_lines": [], "excluded_lines": [], "start_line": 190, "executed_branches": [], "missing_branches": []}, "MockEngine.generate": {"executed_lines": [209, 210, 212, 213, 214, 215, 216, 217, 218, 219, 220, 221, 222, 223, 230, 231, 232, 233, 234, 235, 243, 244, 245, 254, 255], "summary": {"covered_lines": 25, "num_statements": 26, "percent_covered": 88.88888888888889, "percent_covered_display": "89", "missing_lines": 1, "excluded_lines": 0, "percent_statements_covered": 96.15384615384616, "percent_statements_covered_display": "96", "num_branches": 10, "num_partial_branches": 3, "covered_branches": 7, "missing_branches": 3, "percent_branches_covered": 70.0, "percent_branches_covered_display": "70"}, "missing_lines": [211], "excluded_lines": [], "start_line": 198, "executed_branches": [[210, 212], [212, 213], [212, 216], [214, 215], [219, 220], [219, 245], [231, 232]], "missing_branches": [[210, 211], [214, 216], [231, 234]]}, "MockEngine.transcribe": {"executed_lines": [264, 265, 266, 267, 268, 269, 270, 278, 279, 280], "summary": {"covered_lines": 10, "num_statements": 10, "percent_covered": 91.66666666666667, "percent_covered_display": "92", "missing_lines": 0, "excluded_lines": 0, "percent_statements_covered": 100.0, "percent_statements_covered_display": "100", "num_branches": 2, "num_partial_branches": 1, "covered_branches": 1, "missing_branches": 1, "percent_branches_covered": 50.0, "percent_branches_covered_display": "50"}, "missing_lines": [], "excluded_lines": [], "start_line": 257, "executed_branches": [[267, 268]], "missing_branches": [[267, 269]]}, "LocalEngine.__init__": {"executed_lines": [287], "summary": {"covered_lines": 1, "num_statements": 1, "percent_covered": 100.0, "percent_covered_display": "100", "missing_lines": 0, "excluded_lines": 0, "percent_statements_covered": 100.0, "percent_statements_covered_display": "100", "num_branches": 0, "num_partial_branches": 0, "covered_branches": 0, "missing_branches": 0, "percent_branches_covered": 100.0, "percent_branches_covered_display": "100"}, "missing_lines": [], "excluded_lines": [], "start_line": 286, "executed_branches": [], "missing_branches": []}, "LocalEngine.helper_dir": {"executed_lines": [291], "summary": {"covered_lines": 1, "num_statements": 1, "percent_covered": 100.0, "percent_covered_display": "100", "missing_lines": 0, "excluded_lines": 0, "percent_statements_covered": 100.0, "percent_statements_covered_display": "100", "num_branches": 0, "num_partial_branches": 0, "covered_branches": 0, "missing_branches": 0, "percent_branches_covered": 100.0, "percent_branches_covered_display": "100"}, "missing_lines": [], "excluded_lines": [], "start_line": 290, "executed_branches": [], "missing_branches": []}, "LocalEngine.doctor": {"executed_lines": [294, 301, 302, 305], "summary": {"covered_lines": 4, "num_statements": 4, "percent_covered": 100.0, "percent_covered_display": "100", "missing_lines": 0, "excluded_lines": 0, "percent_statements_covered": 100.0, "percent_statements_covered_display": "100", "num_branches": 0, "num_partial_branches": 0, "covered_branches": 0, "missing_branches": 0, "percent_branches_covered": 100.0, "percent_branches_covered_display": "100"}, "missing_lines": [], "excluded_lines": [], "start_line": 293, "executed_branches": [], "missing_branches": []}, "LocalEngine._require_yue2_ready": {"executed_lines": [320, 321, 322, 323, 324], "summary": {"covered_lines": 5, "num_statements": 6, "percent_covered": 75.0, "percent_covered_display": "75", "missing_lines": 1, "excluded_lines": 0, "percent_statements_covered": 83.33333333333333, "percent_statements_covered_display": "83", "num_branches": 2, "num_partial_branches": 1, "covered_branches": 1, "missing_branches": 1, "percent_branches_covered": 50.0, "percent_branches_covered_display": "50"}, "missing_lines": [325], "excluded_lines": [], "start_line": 319, "executed_branches": [[324, -319]], "missing_branches": [[324, 325]]}, "LocalEngine._require_sheetsage_ready": {"executed_lines": [328, 329, 330, 331, 332], "summary": {"covered_lines": 5, "num_statements": 6, "percent_covered": 75.0, "percent_covered_display": "75", "missing_lines": 1, "excluded_lines": 0, "percent_statements_covered": 83.33333333333333, "percent_statements_covered_display": "83", "num_branches": 2, "num_partial_branches": 1, "covered_branches": 1, "missing_branches": 1, "percent_branches_covered": 50.0, "percent_branches_covered_display": "50"}, "missing_lines": [333], "excluded_lines": [], "start_line": 327, "executed_branches": [[332, -327]], "missing_branches": [[332, 333]]}, "LocalEngine.generate": {"executed_lines": [346, 347, 349, 350, 351, 352, 353, 354, 355, 365, 366, 381, 383, 385, 387, 394, 395, 396, 397, 399, 400, 403, 404, 406, 407, 408, 409, 414, 417, 419, 421, 423, 424, 425, 437, 447, 448], "summary": {"covered_lines": 37, "num_statements": 54, "percent_covered": 65.0, "percent_covered_display": "65", "missing_lines": 17, "excluded_lines": 0, "percent_statements_covered": 68.51851851851852, "percent_statements_covered_display": "69", "num_branches": 26, "num_partial_branches": 11, "covered_branches": 15, "missing_branches": 11, "percent_branches_covered": 57.69230769230769, "percent_branches_covered_display": "58"}, "missing_lines": [348, 382, 384, 386, 398, 401, 402, 405, 410, 411, 412, 413, 415, 416, 418, 420, 422], "excluded_lines": [], "start_line": 335, "executed_branches": [[347, 349], [352, 353], [352, 437], [381, 383], [383, 385], [385, 387], [397, 399], [404, 406], [409, 414], [414, 417], [417, 419], [419, 421], [421, 423], [423, 424], [423, 425]], "missing_branches": [[347, 348], [381, 382], [383, 384], [385, 386], [397, 398], [404, 405], [409, 410], [414, 415], [417, 418], [419, 420], [421, 422]]}, "LocalEngine.transcribe": {"executed_lines": [457, 458, 459, 464, 475, 477, 479, 485, 486, 488, 489, 492, 494, 495, 498, 505, 506], "summary": {"covered_lines": 17, "num_statements": 25, "percent_covered": 63.63636363636363, "percent_covered_display": "64", "missing_lines": 8, "excluded_lines": 0, "percent_statements_covered": 68.0, "percent_statements_covered_display": "68", "num_branches": 8, "num_partial_branches": 4, "covered_branches": 4, "missing_branches": 4, "percent_branches_covered": 50.0, "percent_branches_covered_display": "50"}, "missing_lines": [476, 478, 487, 490, 491, 493, 496, 497], "excluded_lines": [], "start_line": 450, "executed_branches": [[475, 477], [477, 479], [486, 488], [492, 494]], "missing_branches": [[475, 476], [477, 478], [486, 487], [492, 493]]}, "build_engine": {"executed_lines": [510, 511], "summary": {"covered_lines": 2, "num_statements": 3, "percent_covered": 60.0, "percent_covered_display": "60", "missing_lines": 1, "excluded_lines": 0, "percent_statements_covered": 66.66666666666667, "percent_statements_covered_display": "67", "num_branches": 2, "num_partial_branches": 1, "covered_branches": 1, "missing_branches": 1, "percent_branches_covered": 50.0, "percent_branches_covered_display": "50"}, "missing_lines": [512], "excluded_lines": [], "start_line": 509, "executed_branches": [[510, 511]], "missing_branches": [[510, 512]]}, "": {"executed_lines": [1, 3, 4, 5, 6, 7, 8, 9, 10, 11, 12, 13, 15, 16, 17, 20, 21, 24, 25, 26, 27, 28, 29, 30, 33, 57, 64, 75, 157, 184, 187, 190, 198, 257, 283, 286, 289, 290, 293, 319, 327, 335, 450, 509], "summary": {"covered_lines": 44, "num_statements": 44, "percent_covered": 100.0, "percent_covered_display": "100", "missing_lines": 0, "excluded_lines": 20, "percent_statements_covered": 100.0, "percent_statements_covered_display": "100", "num_branches": 0, "num_partial_branches": 0, "covered_branches": 0, "missing_branches": 0, "percent_branches_covered": 100.0, "percent_branches_covered_display": "100"}, "missing_lines": [], "excluded_lines": [34, 35, 36, 37, 38, 39, 40, 41, 42, 43, 45, 46, 47, 48, 49, 50, 51, 53, 55, 56], "start_line": 1, "executed_branches": [], "missing_branches": []}}, "classes": {"EngineError": {"executed_lines": [], "summary": {"covered_lines": 0, "num_statements": 0, "percent_covered": 100.0, "percent_covered_display": "100", "missing_lines": 0, "excluded_lines": 0, "percent_statements_covered": 100.0, "percent_statements_covered_display": "100", "num_branches": 0, "num_partial_branches": 0, "covered_branches": 0, "missing_branches": 0, "percent_branches_covered": 100.0, "percent_branches_covered_display": "100"}, "missing_lines": [], "excluded_lines": [], "start_line": 20, "executed_branches": [], "missing_branches": []}, "CommandResult": {"executed_lines": [], "summary": {"covered_lines": 0, "num_statements": 0, "percent_covered": 100.0, "percent_covered_display": "100", "missing_lines": 0, "excluded_lines": 0, "percent_statements_covered": 100.0, "percent_statements_covered_display": "100", "num_branches": 0, "num_partial_branches": 0, "covered_branches": 0, "missing_branches": 0, "percent_branches_covered": 100.0, "percent_branches_covered_display": "100"}, "missing_lines": [], "excluded_lines": [], "start_line": 25, "executed_branches": [], "missing_branches": []}, "MusicEngine": {"executed_lines": [], "summary": {"covered_lines": 0, "num_statements": 0, "percent_covered": 100.0, "percent_covered_display": "100", "missing_lines": 0, "excluded_lines": 3, "percent_statements_covered": 100.0, "percent_statements_covered_display": "100", "num_branches": 0, "num_partial_branches": 0, "covered_branches": 0, "missing_branches": 0, "percent_branches_covered": 100.0, "percent_branches_covered_display": "100"}, "missing_lines": [], "excluded_lines": [44, 52, 54], "start_line": 33, "executed_branches": [], "missing_branches": []}, "MockEngine": {"executed_lines": [188, 191, 209, 210, 212, 213, 214, 215, 216, 217, 218, 219, 220, 221, 222, 223, 230, 231, 232, 233, 234, 235, 243, 244, 245, 254, 255, 264, 265, 266, 267, 268, 269, 270, 278, 279, 280], "summary": {"covered_lines": 37, "num_statements": 38, "percent_covered": 90.0, "percent_covered_display": "90", "missing_lines": 1, "excluded_lines": 0
[...]
cuted_branches": [[61, 62], [61, 63]], "missing_branches": []}, "Store.__init__": {"executed_lines": [80, 81, 82, 83, 84], "summary": {"covered_lines": 5, "num_statements": 5, "percent_covered": 100.0, "percent_covered_display": "100", "missing_lines": 0, "excluded_lines": 0, "percent_statements_covered": 100.0, "percent_statements_covered_display": "100", "num_branches": 0, "num_partial_branches": 0, "covered_branches": 0, "missing_branches": 0, "percent_branches_covered": 100.0, "percent_branches_covered_display": "100"}, "missing_lines": [], "excluded_lines": [], "start_line": 79, "executed_branches": [], "missing_branches": []}, "Store._connect": {"executed_lines": [88, 89, 90, 91, 92, 93, 94, 96], "summary": {"covered_lines": 8, "num_statements": 8, "percent_covered": 100.0, "percent_covered_display": "100", "missing_lines": 0, "excluded_lines": 0, "percent_statements_covered": 100.0, "percent_statements_covered_display": "100", "num_branches": 0, "num_partial_branches": 0, "covered_branches": 0, "missing_branches": 0, "percent_branches_covered": 100.0, "percent_branches_covered_display": "100"}, "missing_lines": [], "excluded_lines": [], "start_line": 87, "executed_branches": [], "missing_branches": []}, "Store._init_db": {"executed_lines": [99, 100], "summary": {"covered_lines": 2, "num_statements": 2, "percent_covered": 100.0, "percent_covered_display": "100", "missing_lines": 0, "excluded_lines": 0, "percent_statements_covered": 100.0, "percent_statements_covered_display": "100", "num_branches": 0, "num_partial_branches": 0, "covered_branches": 0, "missing_branches": 0, "percent_branches_covered": 100.0, "percent_branches_covered_display": "100"}, "missing_lines": [], "excluded_lines": [], "start_line": 98, "executed_branches": [], "missing_branches": []}, "Store.recover_incomplete_jobs": {"executed_lines": [140, 141, 142, 148, 149, 164], "summary": {"covered_lines": 6, "num_statements": 6, "percent_covered": 100.0, "percent_covered_display": "100", "missing_lines": 0, "excluded_lines": 0, "percent_statements_covered": 100.0, "percent_statements_covered_display": "100", "num_branches": 0, "num_partial_branches": 0, "covered_branches": 0, "missing_branches": 0, "percent_branches_covered": 100.0, "percent_branches_covered_display": "100"}, "missing_lines": [], "excluded_lines": [], "start_line": 138, "executed_branches": [], "missing_branches": []}, "Store._project_path": {"executed_lines": [167, 169, 170, 172], "summary": {"covered_lines": 4, "num_statements": 6, "percent_covered": 60.0, "percent_covered_display": "60", "missing_lines": 2, "excluded_lines": 0, "percent_statements_covered": 66.66666666666667, "percent_statements_covered_display": "67", "num_branches": 4, "num_partial_branches": 2, "covered_branches": 2, "missing_branches": 2, "percent_branches_covered": 50.0, "percent_branches_covered_display": "50"}, "missing_lines": [168, 171], "excluded_lines": [], "start_line": 166, "executed_branches": [[167, 169], [170, 172]], "missing_branches": [[167, 168], [170, 171]]}, "Store.create_project": {"executed_lines": [175, 176, 177, 178, 179, 180, 181, 185], "summary": {"covered_lines": 8, "num_statements": 8, "percent_covered": 100.0, "percent_covered_display": "100", "missing_lines": 0, "excluded_lines": 0, "percent_statements_covered": 100.0, "percent_statements_covered_display": "100", "num_branches": 0, "num_partial_branches": 0, "covered_branches": 0, "missing_branches": 0, "percent_branches_covered": 100.0, "percent_branches_covered_display": "100"}, "missing_lines": [], "excluded_lines": [], "start_line": 174, "executed_branches": [], "missing_branches": []}, "Store.get_project": {"executed_lines": [188, 189, 192, 194], "summary": {"covered_lines": 4, "num_statements": 5, "percent_covered": 71.42857142857143, "percent_covered_display": "71", "missing_lines": 1, "excluded_lines": 0, "percent_statements_covered": 80.0, "percent_statements_covered_display": "80", "num_branches": 2, "num_partial_branches": 1, "covered_branches": 1, "missing_branches": 1, "percent_branches_covered": 50.0, "percent_branches_covered_display": "50"}, "missing_lines": [193], "excluded_lines": [], "start_line": 187, "executed_branches": [[192, 194]], "missing_branches": [[192, 193]]}, "Store.list_projects": {"executed_lines": [], "summary": {"covered_lines": 0, "num_statements": 3, "percent_covered": 0.0, "percent_covered_display": "0", "missing_lines": 3, "excluded_lines": 0, "percent_statements_covered": 0.0, "percent_statements_covered_display": "0", "num_branches": 0, "num_partial_branches": 0, "covered_branches": 0, "missing_branches": 0, "percent_branches_covered": 100.0, "percent_branches_covered_display": "100"}, "missing_lines": [199, 200, 203], "excluded_lines": [], "start_line": 198, "executed_branches": [], "missing_branches": []}, "Store.save_upload": {"executed_lines": [218, 219, 220, 221, 222, 225, 226, 227, 228, 229, 230, 231, 232, 233, 234, 235, 236, 237, 238, 239, 240, 241, 242, 243, 244, 246, 247, 248, 249, 250, 251], "summary": {"covered_lines": 31, "num_statements": 32, "percent_covered": 95.0, "percent_covered_display": "95", "missing_lines": 1, "excluded_lines": 0, "percent_statements_covered": 96.875, "percent_statements_covered_display": "97", "num_branches": 8, "num_partial_branches": 1, "covered_branches": 7, "missing_branches": 1, "percent_branches_covered": 87.5, "percent_branches_covered_display": "88"}, "missing_lines": [245], "excluded_lines": [], "start_line": 210, "executed_branches": [[221, 222], [221, 225], [235, 236], [235, 237], [238, 239], [238, 240], [244, 246]], "missing_branches": [[244, 245]]}, "Store.job_dir": {"executed_lines": [266, 267, 269, 270, 271, 273, 274], "summary": {"covered_lines": 7, "num_statements": 9, "percent_covered": 69.23076923076923, "percent_covered_display": "69", "missing_lines": 2, "excluded_lines": 0, "percent_statements_covered": 77.77777777777777, "percent_statements_covered_display": "78", "num_branches": 4, "num_partial_branches": 2, "covered_branches": 2, "missing_branches": 2, "percent_branches_covered": 50.0, "percent_branches_covered_display": "50"}, "missing_lines": [268, 272], "excluded_lines": [], "start_line": 265, "executed_branches": [[267, 269], [271, 273]], "missing_branches": [[267, 268], [271, 272]]}, "Store.create_job": {"executed_lines": [279, 280, 281, 282, 290, 291, 306], "summary": {"covered_lines": 7, "num_statements": 7, "percent_covered": 100.0, "percent_covered_display": "100", "missing_lines": 0, "excluded_lines": 0, "percent_statements_covered": 100.0, "percent_statements_covered_display": "100", "num_branches": 0, "num_partial_branches": 0, "covered_branches": 0, "missing_branches": 0, "percent_branches_covered": 100.0, "percent_branches_covered_display": "100"}, "missing_lines": [], "excluded_lines": [], "start_line": 276, "executed_branches": [], "missing_branches": []}, "Store.update_job": {"executed_lines": [316, 317, 318, 319, 320, 321, 322, 323, 324, 325, 342], "summary": {"covered_lines": 11, "num_statements": 11, "percent_covered": 100.0, "percent_covered_display": "100", "missing_lines": 0, "excluded_lines": 0, "percent_statements_covered": 100.0, "percent_statements_covered_display": "100", "num_branches": 4, "num_partial_branches": 0, "covered_branches": 4, "missing_branches": 0, "percent_branches_covered": 100.0, "percent_branches_covered_display": "100"}, "missing_lines": [], "excluded_lines": [], "start_line": 308, "executed_branches": [[320, 321], [320, 322], [322, 323], [322, 324]], "missing_branches": []}, "Store._job_from_row": {"executed_lines": [345], "summary": {"covered_lines": 1, "num_statements": 1, "percent_covered": 100.0, "percent_covered_display": "100", "missing_lines": 0, "excluded_lines": 0, "percent_statements_covered": 100.0, "percent_statements_covered_display": "100", "num_branches": 0, "num_partial_branches": 0, "covered_branches": 0, "missing_branches": 0, "percent_branches_covered": 100.0, "percent_branches_covered_display": "100"}, "missing_lines": [], "excluded_lines": [], "start_line": 344, "executed_branches": [], "missing_branches": []}, "Store.get_job": {"executed_lines": [359, 360, 361, 363], "summary": {"covered_lines": 4, "num_statements": 5, "percent_covered": 71.42857142857143, "percent_covered_display": "71", "missing_lines": 1, "excluded_lines": 0, "percent_statements_covered": 80.0, "percent_statements_covered_display": "80", "num_branches": 2, "num_partial_branches": 1, "covered_branches": 1, "missing_branches": 1, "percent_branches_covered": 50.0, "percent_branches_covered_display": "50"}, "missing_lines": [362], "excluded_lines": [], "start_line": 358, "executed_branches": [[361, 363]], "missing_branches": [[361, 362]]}, "Store.list_jobs": {"executed_lines": [], "summary": {"covered_lines": 0, "num_statements": 6, "percent_covered": 0.0, "percent_covered_display": "0", "missing_lines": 6, "excluded_lines": 0, "percent_statements_covered": 0.0, "percent_statements_covered_display": "0", "num_branches": 2, "num_partial_branches": 0, "covered_branches": 0, "missing_branches": 2, "percent_branches_covered": 0.0, "percent_branches_covered_display": "0"}, "missing_lines": [366, 367, 368, 369, 374, 377], "excluded_lines": [], "start_line": 365, "executed_branches": [], "missing_branches": [[368, 369], [368, 374]]}, "Store.register_generated_file": {"executed_lines": [387, 388, 389, 390, 391, 392, 393, 394, 396, 397, 400, 401, 404, 411, 412, 413], "summary": {"covered_lines": 16, "num_statements": 25, "percent_covered": 59.45945945945946, "percent_covered_display": "59", "missing_lines": 9, "excluded_lines": 0, "percent_statements_covered": 64.0, "percent_statements_covered_display": "64", "num_branches": 12, "num_partial_branches": 2, "covered_branches": 6, "missing_branches": 6, "percent_branches_covered": 50.0, "percent_branches_covered_display": "50"}, "missing_lines": [395, 398, 399, 405, 406, 407, 408, 409, 410], "excluded_lines": [], "start_line": 379, "executed_branches": [[388, 389], [388, 390], [392, 393], [392, 394], [394, 396], [404, 411]], "missing_branches": [[394, 395], [404, 405], [406, 407], [406, 408], [408, 409], [408, 410]]}, "Store._insert_artifact": {"executed_lines": [438, 439, 440, 443, 444, 464], "summary": {"covered_lines": 6, "num_statements": 8, "percent_covered": 75.0, "percent_covered_display": "75", "missing_lines": 2, "excluded_lines": 0, "percent_statements_covered": 75.0, "percent_statements_covered_display": "75", "num_branches": 0, "num_partial_branches": 0, "covered_branches": 0, "missing_branches": 0, "percent_branches_covered": 100.0, "percent_branches_covered_display": "100"}, "missing_lines": [441, 442], "excluded_lines": [], "start_line": 425, "executed_branches": [], "missing_branches": []}, "Store._artifact_from_row": {"executed_lines": [478], "summary": {"covered_lines": 1, "num_statements": 1, "percent_covered": 100.0, "percent_covered_display": "100", "missing_lines": 0, "excluded_lines": 0, "percent_statements_covered": 100.0, "percent_statements_covered_display": "100", "num_branches": 0, "num_partial_branches": 0, "covered_branches": 0, "missing_branches": 0, "percent_branches_covered": 100.0, "percent_branches_covered_display": "100"}, "missing_lines": [], "excluded_lines": [], "start_line": 477, "executed_branches": [], "missing_branches": []}, "Store.get_artifact": {"executed_lines": [492, 493, 496, 498], "summary": {"covered_lines": 4, "num_statements": 5, "percent_covered": 71.42857142857143, "percent_covered_display": "71", "missing_lines": 1, "excluded_lines": 0, "percent_statements_covered": 80.0, "percent_statements_covered_display": "80", "num_branches": 2, "num_partial_branches": 1, "covered_branches": 1, "missing_branches": 1, "percent_branches_covered": 50.0, "percent_branches_covered_display": "50"}, "missing_lines": [497], "excluded_lines": [], "start_line": 491, "executed_branches": [[496, 498]], "missing_branches": [[496, 497]]}, "Store.get_artifact_path": {"executed_lines": [501, 502, 505, 507, 508, 510, 512], "summary": {"covered_lines": 7, "num_statements": 10, "percent_covered": 62.5, "percent_covered_display": "62", "missing_lines": 3, "excluded_lines": 0, "percent_statements_covered": 70.0, "percent_statements_covered_display": "70", "num_branches": 6, "num_partial_branches": 3, "covered_branches": 3, "missing_branches": 3, "percent_branches_covered": 50.0, "percent_branches_covered_display": "50"}, "missing_lines": [506, 509, 511], "excluded_lines": [], "start_line": 500, "executed_branches": [[505, 507], [508, 510], [510, 512]], "missing_branches": [[505, 506], [508, 509], [510, 511]]}, "Store.list_artifacts": {"executed_lines": [515, 516, 517, 518, 522], "summary": {"covered_lines": 5, "num_statements": 5, "percent_covered": 100.0, "percent_covered_display": "100", "missing_lines": 0, "excluded_lines": 0, "percent_statements_covered": 100.0, "percent_statements_covered_display": "100", "num_branches": 0, "num_partial_branches": 0, "covered_branches": 0, "missing_branches": 0, "percent_branches_covered": 100.0, "percent_branches_covered_display": "100"}, "missing_lines": [], "excluded_lines": [], "start_line": 514, "executed_branches": [], "missing_branches": []}, "Store._kind_for_path": {"executed_lines": [526, 527, 528, 529, 530, 531, 533, 534, 535, 536, 537, 538, 539], "summary": {"covered_lines": 13, "num_statements": 14, "percent_covered": 92.3076923076923, "percent_covered_display": "92", "missing_lines": 1, "excluded_lines": 0, "percent_statements_covered": 92.85714285714286, "percent_statements_covered_display": "93", "num_branches": 12, "num_partial_branches": 1, "covered_branches": 11, "missing_branches": 1, "percent_branches_covered": 91.66666666666667, "percent_branches_covered_display": "92"}, "missing_lines": [532], "excluded_lines": [], "start_line": 525, "executed_branches": [[527, 528], [527, 529], [529, 530], [529, 531], [531, 533], [533, 534], [533, 535], [535, 536], [535, 537], [537, 538], [537, 539]], "missing_branches": [[531, 532]]}, "": {"executed_lines": [1, 3, 4, 5, 6, 7, 8, 9, 10, 11, 12, 13, 14, 16, 19, 20, 33, 37, 41, 45, 58, 66, 67, 70, 71, 74, 75, 78, 79, 86, 87, 98, 138, 166, 174, 187, 198, 210, 265, 276, 308, 344, 358, 365, 379, 425, 477, 491, 500, 514, 524, 525], "summary": {"covered_lines": 52, "num_statements": 52, "percent_covered": 100.0, "percent_covered_display": "100", "missing_lines": 0, "excluded_lines": 0, "percent_statements_covered": 100.0, "percent_statements_covered_display": "100", "num_branches": 0, "num_partial_branches": 0, "covered_branches": 0, "missing_branches": 0, "percent_branches_covered": 100.0, "percent_branches_covered_display": "100"}, "missing_lines": [], "excluded_lines": [], "start_line": 1, "executed_branches": [], "missing_branches": []}}, "classes": {"StoreError": {"executed_lines": [], "summary": {"covered_lines": 0, "num_statements": 0, "percent_covered": 100.0, "percent_covered_display": "100", "missing_lines": 0, "excluded_lines": 0, "percent_statements_covered": 100.0, "percent_statements_covered_display": "100", "num_branches": 0, "num_partial_branches": 0, "covered_branches": 0, "missing_branches": 0, "percent_branches_covered": 100.0, "percent_branches_covered_display": "100"}, "missing_lines": [], "excluded_lines": [], "start_line": 66, "executed_branches": [], "missing_branches": []}, "NotFound": {"executed_lines": [], "summary": {"covered_lines": 0, "num_statements": 0, "percent_covered": 100.0, "percent_covered_display": "100", "missing_lines": 0, "excluded_lines": 0, "percent_statements_covered": 100.0, "percent_statements_covered_display": "100", "num_branches": 0, "num_partial_branches": 0, "covered_branches": 0, "missing_branches": 0, "percent_branches_covered": 100.0, "percent_branches_covered_display": "100"}, "missing_lines": [], "excluded_lines": [], "start_line": 70, "executed_branches": [], "missing_branches": []}, "InvalidUpload": {"executed_lines": [], "summary": {"covered_lines": 0, "num_statements": 0, "percent_covered": 100.0, "percent_covered_display": "100", "missing_lines": 0, "excluded_lines": 0, "percent_statements_covered": 100.0, "percent_statements_covered_display": "100", "num_branches": 0, "num_partial_branches": 0, "covered_branches": 0, "missing_branches": 0, "percent_branches_covered": 100.0, "percent_branches_covered_display": "100"}, "missing_lines": [], "excluded_lines": [], "start_line": 74, "executed_branches": [], "missing_branches": []}, "Store": {"executed_lines": [80, 81, 82, 83, 84, 88, 89, 90, 91, 92, 93, 94, 96, 99, 100, 140, 141, 142, 148, 149, 164, 167, 169, 170, 172, 175, 176, 177, 178, 179, 180, 181, 185, 188, 189, 192, 194, 218, 219, 220, 221, 222, 225, 226, 227, 228, 229, 230, 231, 232, 233, 234, 235, 236, 237, 238, 239, 240, 241, 242, 243, 244, 246, 247, 248, 249, 250, 251, 266, 267, 269, 270, 271, 273, 274, 279, 280, 281, 282, 290, 291, 306, 316, 317, 318, 319, 320, 321, 322, 323, 324, 325, 342, 345, 359, 360, 361, 363, 387, 388, 389, 390, 391, 392, 393, 394, 396, 397, 400, 401, 404, 411, 412, 413, 438, 439, 440, 443, 444, 464, 478, 492, 493, 496, 498, 501, 502, 505, 507, 508, 510, 512, 515, 516, 517, 518, 522, 526, 527, 528, 529, 530, 531, 533, 534, 535, 536, 537, 538, 539], "summary": {"covered_lines": 150, "num_statements": 182, "percent_covered": 78.33333333333333, "percent_covered_display": "78", "missing_lines": 32, "excluded_lines": 0, "percent_statements_covered": 82.41758241758242, "percent_statements_covered_display": "82", "num_branches": 58, "num_partial_branches": 14, "covered_branches": 38, "missing_branches": 20, "percent_branches_covered": 65.51724137931035, "percent_branches_covered_display": "66"}, "missing_lines": [168, 171, 193, 199, 200, 203, 245, 268, 272, 362, 366, 367, 368, 369, 374, 377, 395, 398, 399, 405, 406, 407, 408, 409, 410, 441, 442, 497, 506, 509, 511, 532], "excluded_lines": [], "start_line": 78, "executed_branches": [[167, 169], [170, 172], [192, 194], [221, 222], [221, 225], [235, 236], [235, 237], [238, 239], [238, 240], [244, 246], [267, 269], [271, 273], [320, 321], [320, 322], [322, 323], [322, 324], [361, 363], [388, 389], [388, 390], [392, 393], [392, 394], [394, 396], [404, 411], [496, 498], [505, 507], [508, 510], [510, 512], [527, 528], [527, 529], [529, 530], [529, 531], [531, 533], [533, 534], [533, 535], [535, 536], [535, 537], [537, 538], [537, 539]], "missing_branches": [[167, 168], [170, 171], [192, 193], [244, 245], [267, 268], [271, 272], [361, 362], [368, 369], [368, 374], [394, 395], [404, 405], [406, 407], [406, 408], [408, 409], [408, 410], [496, 497], [505, 506], [508, 509], [510, 511], [531, 532]]}, "": {"executed_lines": [1, 3, 4, 5, 6, 7, 8, 9, 10, 11, 12, 13, 14, 16, 19, 20, 33, 34, 37, 38, 41, 42, 45, 47, 48, 49, 50, 51, 52, 54, 55, 58, 59, 60, 61, 62, 63, 66, 67, 70, 71, 74, 75, 78, 79, 86, 87, 98, 138, 166, 174, 187, 198, 210, 265, 276, 308, 344, 358, 365, 379, 425, 477, 491, 500, 514, 524, 525], "summary": {"covered_lines": 68, "num_statements": 69, "percent_covered": 97.26027397260275, "percent_covered_display": "97", "missing_lines": 1, "excluded_lines": 0, "percent_statements_covered": 98.55072463768116, "percent_statements_covered_display": "99", "num_branches": 4, "num_partial_branches": 1, "covered_branches": 3, "missing_branches": 1, "percent_branches_covered": 75.0, "percent_branches_covered_display": "75"}, "missing_lines": [53], "excluded_lines": [], "start_line": 1, "executed_branches": [[52, 54], [61, 62], [61, 63]], "missing_branches": [[52, 53]]}}}}, "totals": {"covered_lines": 2453, "num_statements": 2882, "percent_covered": 81.05203619909503, "percent_covered_display": "81", "missing_lines": 429, "excluded_lines": 29, "percent_statements_covered": 85.1145038167939, "percent_statements_covered_display": "85", "num_branches": 654, "num_partial_branches": 209, "covered_branches": 413, "missing_branches": 241, "percent_branches_covered": 63.149847094801224, "percent_branches_covered_display": "63"}}