<?xml version="1.0" encoding="utf-8"?><testsuites name="pytest tests"><testsuite name="pytest" errors="0" failures="0" skipped="0" tests="63" time="10.490" timestamp="2026-09-15T19:18:40.488813+00:00" hostname="runnervmlun5p"><testcase classname="tests.test_abc_tools" name="test_parse_and_report_native_score" time="0.005" /><testcase classname="tests.test_abc_tools" name="test_harmony_edit_preserves_melody" time="0.003" /><testcase classname="tests.test_abc_tools" name="test_strip_chords_keeps_both_melodies" time="0.005" /><testcase classname="tests.test_abc_tools" name="test_strip_to_one_voice_replaces_other_with_rests" time="0.004" /><testcase classname="tests.test_abc_tools" name="test_invalid_duration_fails_closed" time="0.001" /><testcase classname="tests.test_api" name="test_health_ui_and_authenticated_workflow" time="0.702" /><testcase classname="tests.test_api" name="test_cross_field_validation_rejects_score_with_off" time="0.054" /><testcase classname="tests.test_api" name="test_invalid_uploaded_abc_is_a_client_error" time="0.066" /><testcase classname="tests.test_api" name="test_untrusted_host_is_rejected" time="0.050" /><testcase classname="tests.test_cli" name="test_doctor_cli" time="0.009" /><testcase classname="tests.test_cli" name="test_init_demo_cli" time="0.012" /><testcase classname="tests.test_cli" name="test_non_loopback_server_requires_token" time="0.004" /><testcase classname="tests.test_cli" name="test_invalid_integer_environment_fails" time="0.003" /><testcase classname="tests.test_config" name="test_commercial_scope_requires_record" time="0.001" /><testcase classname="tests.test_config" name="test_commercial_scope_accepts_explicit_record" time="0.001" /><testcase classname="tests.test_config" name="test_alpha_rejects_multiple_gpu_workers" time="0.001" /><testcase classname="tests.test_config" name="test_relative_runtime_paths_are_resolved_from_launch_directory" time="0.002" /><testcase classname="tests.test_config" name="test_relative_optional_base_model_path_is_resolved" time="0.002" /><testcase classname="tests.test_config" name="test_wildcard_allowed_hosts_require_token" time="0.002" /><testcase classname="tests.test_config" name="test_allowed_hosts_reject_url_syntax" time="0.002" /><testcase classname="tests.test_config" name="test_command_render_provider_config_is_parsed" time="0.003" /><testcase classname="tests.test_config" name="test_command_render_provider_rejects_relative_executable" time="0.002" /><testcase classname="tests.test_engines" name="test_mock_melody_mode_creates_chord_free_score" time="0.412" /><testcase classname="tests.test_engines" name="test_local_doctor_has_independent_lanes" time="0.002" /><testcase classname="tests.test_engines" name="test_local_engine_executes_reviewed_helper_contract" time="0.071" /><testcase classname="tests.test_engines" name="test_local_generation_rejects_zero_exit_without_audio" time="0.036" /><testcase classname="tests.test_engines" name="test_local_generation_preserves_needs_review_status" time="0.036" /><testcase classname="tests.test_engines" name="test_run_command_streams_logs_and_keeps_tails" time="0.018" /><testcase classname="tests.test_engines" name="test_run_command_timeout_records_result_and_terminates_group" time="1.005" /><testcase classname="tests.test_frontend_contract" name="test_frontend_ids_match_javascript_contract" time="0.009" /><testcase classname="tests.test_frontend_contract" name="test_frontend_uses_only_local_assets_and_no_inline_script" time="0.006" /><testcase classname="tests.test_note_api" name="test_note_ir_import_edit_revision_and_exports" time="0.115" /><testcase classname="tests.test_note_api" name="test_note_api_inherits_token_protection" time="0.057" /><testcase classname="tests.test_note_ir" name="test_midi_note_name" time="0.001" /><testcase classname="tests.test_note_ir" name="test_fusion_assigns_stable_note_and_consensus" time="0.001" /><testcase classname="tests.test_note_ir" name="test_patch_preserves_identity_and_creates_receipt" time="0.002" /><testcase classname="tests.test_note_ir" name="test_review_queue_surfaces_disagreement" time="0.001" /><testcase classname="tests.test_note_ir" name="test_midi_export_is_valid_type_one_header" time="0.001" /><testcase classname="tests.test_note_providers" name="test_basic_pitch_reports_optional_dependency_state" time="0.001" /><testcase classname="tests.test_note_providers" name="test_command_provider_uses_normalized_contract" time="0.026" /><testcase classname="tests.test_note_providers" name="test_command_provider_rejects_provider_id_mismatch" time="0.027" /><testcase classname="tests.test_note_providers" name="test_registry_parses_free_and_paid_command_slots" time="0.003" /><testcase classname="tests.test_note_providers" name="test_command_requires_absolute_executable" time="0.001" /><testcase classname="tests.test_note_providers" name="test_configured_paid_slot_replaces_disabled_placeholder" time="0.002" /><testcase classname="tests.test_note_workspace" name="test_import_patch_restore_and_export" time="0.036" /><testcase classname="tests.test_note_workspace" name="test_analysis_job_runs_ready_free_provider" time="0.030" /><testcase classname="tests.test_production" name="test_rank_and_manual_production_package_are_auditable" time="0.966" /><testcase classname="tests.test_production" name="test_mock_renderer_is_noncommercial_and_creates_test_audio" time="0.961" /><testcase classname="tests.test_production" name="test_mock_renderer_rejects_commercial_intent" time="0.490" /><testcase classname="tests.test_production" name="test_registered_command_provider_runs_without_shell" time="0.573" /><testcase classname="tests.test_production" name="test_ranker_rejects_candidate_without_audio" time="0.442" /><testcase classname="tests.test_production" name="test_production_api_contract" time="0.694" /><testcase classname="tests.test_scripts" name="test_worker_installer_help_is_non_destructive" time="0.006" /><testcase classname="tests.test_scripts" name="test_worker_installer_fails_before_mutation_without_license_ack" time="0.005" /><testcase classname="tests.test_scripts" name="test_worker_installer_uses_hugging_face_python_api" time="0.001" /><testcase classname="tests.test_service" name="test_end_to_end_mock_jobs" time="0.980" /><testcase classname="tests.test_service" name="test_single_instance_lock_prevents_two_services" time="0.009" /><testcase classname="tests.test_service" name="test_service_restart_recovers_incomplete_jobs" time="0.011" /><testcase classname="tests.test_storage" name="test_safe_filename_preserves_extension_for_unicode" time="0.001" /><testcase classname="tests.test_storage" name="test_upload_is_hashed_and_contained" time="0.011" /><testcase classname="tests.test_storage" name="test_upload_rejects_type_and_size" time="0.008" /><testcase classname="tests.test_storage" name="test_generated_file_must_match_job_project" time="0.013" /><testcase classname="tests.test_storage" name="test_upload_ignores_untrusted_client_mime_type" time="0.010" /></testsuite></testsuites>