...............................................................          [100%]
=============================== warnings summary ===============================
../../../../../../../../opt/hostedtoolcache/Python/3.12.14/x64/lib/python3.12/site-packages/fastapi/testclient.py:1
  /opt/hostedtoolcache/Python/3.12.14/x64/lib/python3.12/site-packages/fastapi/testclient.py:1: StarletteDeprecationWarning: Using `httpx` with `starlette.testclient` is deprecated; install `httpx2` instead.
    from starlette.testclient import TestClient as TestClient  # noqa

../../../../../../../../opt/hostedtoolcache/Python/3.12.14/x64/lib/python3.12/site-packages/starlette/testclient.py:53
  /opt/hostedtoolcache/Python/3.12.14/x64/lib/python3.12/site-packages/starlette/testclient.py:53: DeprecationWarning: The anyio.abc.BlockingPortal alias is deprecated, use anyio.from_thread.BlockingPortal instead.
    _PortalFactoryType = Callable[[], AbstractContextManager[anyio.abc.BlockingPortal]]

-- Docs: https://docs.pytest.org/en/stable/how-to/capture-warnings.html
================================ tests coverage ================================
_______________ coverage: platform linux, python 3.12.14-final-0 _______________

Name                                  Stmts   Miss Branch BrPart  Cover   Missing
---------------------------------------------------------------------------------
src/yue2_music_os/__init__.py             1      0      0      0   100%
src/yue2_music_os/__main__.py            81     18     16      4    73%   29-35, 64-87, 129, 133, 137
src/yue2_music_os/abc_tools.py          225     31     64     11    84%   113, 154-155, 173-177, 199-200, 203-210, 270-279, 291, 362, 366, 368-373, 394
src/yue2_music_os/api.py                170     21      8      1    88%   107, 111, 149-156, 164, 168, 172-173, 184, 202, 206, 210, 230, 251, 255, 261, 265, 269, 275, 287
src/yue2_music_os/config.py             166     29     78     25    77%   45, 47, 51, 59, 63, 68, 78, 84, 89, 93, 152-153, 157, 162, 164, 170, 175, 194, 228, 231, 303, 310, 312, 325, 330, 337-339, 341
src/yue2_music_os/engines.py            249     42     64     26    78%   67, 84, 90, 123-124, 127-132, 150-151, 211, 214->216, 231->234, 267->269, 325, 333, 348, 382, 384, 386, 398, 401-402, 405, 410-413, 415-416, 418, 420, 422, 476, 478, 487, 490-491, 493, 496-497, 512
src/yue2_music_os/models.py             117      6     16      4    91%   38, 96-98, 107, 108->104, 111
src/yue2_music_os/note_ir.py            500     46    118     40    85%   52, 115, 144, 162, 187, 195, 223, 235, 268, 275, 278, 284->283, 289->288, 290->289, 292, 331, 363, 401, 403, 405-408, 429, 451, 453, 471, 475, 477, 485, 487->468, 503, 538, 598-599, 604, 649-650, 656, 658, 688-693, 714, 726, 757, 786->788, 791
src/yue2_music_os/note_providers.py     218     63     50     14    69%   67, 77, 81, 84, 91, 101, 136-158, 167-210, 257, 260, 281-286, 292-294, 298, 304-305, 313, 331, 342, 370-371, 373, 376, 378, 380, 389-390, 429-430
src/yue2_music_os/note_workspace.py     367     52     54     24    82%   60, 61->57, 84, 144-146, 160, 251, 262, 264, 272, 278->280, 311, 317, 319, 340, 353->355, 383-384, 392-395, 443-456, 488, 492-499, 559, 561, 602, 615-621, 627, 634, 637-638, 644, 654-657, 678, 681, 715, 720->733, 730-732
src/yue2_music_os/production.py         332     72     94     35    74%   38, 41-42, 48, 52, 59-60, 70-71, 73, 87, 107, 114, 127-129, 138-145, 152-153, 157-159, 176-178, 185-188, 193-199, 207-209, 211-213, 218-221, 231-232, 236, 334-335, 342, 349, 373, 383, 385, 402->408, 405, 410, 413, 425->429, 494, 503->506, 598, 610-611, 622-623, 628, 633, 640, 647
src/yue2_music_os/sample_data.py          4      0      0      0   100%
src/yue2_music_os/service.py            201     16     30     10    88%   64, 105-108, 116, 145, 316->318, 323, 325, 327, 339, 341-342, 354, 391-392
src/yue2_music_os/storage.py            251     33     62     15    83%   53, 168, 171, 193, 199-203, 245, 268, 272, 362, 366-377, 395, 398-399, 405-410, 441-442, 497, 506, 509, 511, 532
---------------------------------------------------------------------------------
TOTAL                                  2882    429    654    209    81%
Coverage XML written to file validation/coverage.xml
Coverage JSON written to file validation/coverage.json
Required test coverage of 80% reached. Total coverage: 81.05%
63 passed, 2 warnings in 10.70s
